 -----------------------------------------------------------------------
  W            W            W              TTTTTTTTTTTTTTTTTTTT         
   W          W W          W                        TT                  
    W        W   W        W                         TT                  
     W      W     W      W                          TT                  
      W    W       W    W                           TT                  
       W  W         W  W                            TT                  
        WW           WW                             TT                  
        W             W                             TT                  
                                                                        
                        Welcome to WannierTools.                       
                             Version 2.6.0     
                   Tools for novel topological materials.               
                          Enjoy it and good luck.                       
                           Author : QuanSheng Wu                        
                        Email : wuquansheng@gmail.com                   
               Find more information on www.wanniertools.com            
 =======================================================================
                                                                        
 You are using    10 CPU cores
  
   
 >>>Read some paramters from wt.in
 You are using : TB     model
 Tight-binding Hamiltonian FROM: Hr File
 Is_Sparse_Hr=  F
 Tight-binding Hamiltonian filename: wannier90_hr.dat         
 System of particle: electron                 
 Tight-binding Hamiltonian obtained from : VASP                     
   
 >>>Control parameters: 
 BulkBand_line_calc                :  T
 BulkBand_plane_calc               :  F
 Landaulevel_unfold_line_calc      :  F
 BulkBand_unfold_line_calc         :  F
 BulkBand_unfold_plane_calc        :  F
 QPI_unfold_plane_calc             :  F
 BulkFatBand_calc                  :  F
 BulkBand_cube_calc                :  F
 BulkFS_calc                       :  F
 BulkFS_Plane_calc                 :  F
 BulkFS_plane_stack_calc           :  F
 BulkGap_cube_calc                 :  F
 BulkGap_plane_calc                :  F
 SlabBand_calc                     :  F
 SlabBandWaveFunc_calc             :  F
 SlabSS_calc                       :  T
 SlabArc_calc                      :  F
 SlabSpintexture_calc              :  F
 wanniercenter_calc                :  T
 BerryPhase_calc                   :  F
 BerryCurvature_calc               :  F
 BerryCurvature_EF_calc            :  F
 BerryCurvature_kpath_EF_calc      :  F
 BerryCurvature_kpath_Occupied_calc:  F
 BerryCurvature_Cube_calc          :  F
 BerryCurvature_slab_calc          :  F
 Dos_calc                          :  F
 Z2_3D_calc                        :  F
 WeylChirality_calc                :  F
 NLChirality_calc                  :  F
 Chern_3D_calc                     :  F
 MirrorChern_calc                  :  F
 JDos_calc                         :  F
 FindNodes_calc                    :  F
 EffectiveMass_calc                :  F
 AHC_calc                          :  F
 Boltz_OHE_calc                    :  F
 Boltz_Berry_correction            :  F
 LOTO_correction                   :  F
 OrbitalTexture_calc               :  F
 OrbitalTexture_3D_calc            :  F
 LandauLevel_k_calc                :  F
 LandauLevel_B_calc                :  F
 LandauLevel_wavefunction_calc     :  F
 Fit_kp_calc                       :  F
 DMFT_MAG_calc                     :  F
 Translate_to_WS_calc              :  F
 LandauLevel_kplane_calc           :  F
 LandauLevel_k_dos_calc            :  F
 LandauLevel_B_dos_calc            :  F
 FermiLevel_calc                   :  F
 ChargeDensity_selected_bands_calc :  F
 ChargeDensity_selected_energies_calc :  F
   
 >>>System parameters: 
 NumSlabs :    10
 Nslab1 for ribbon  :     1
 Nslab2 for ribbon  :     1
 Number of Occupied bands:    28
 Number of total electrons:   28.000000
 With SOC or not in Hrfile:     1
 Fermi energy (eV) :       -2.960000
 surf_onsite (eV):         0.000000
 Add_Zeeman_Field:  F
 Zeeman_energy_in_eV (eV):         0.000000
 Electric_field_in_eVpA (eV/Angstrom):         0.000000
 Symmetrical_Electric_field_in_eVpA (eV/Angstrom):         0.000000
 Inner_symmetrical_Electric_Field:  F
 ijmax :    10
   
 **Notes**: There are two ways to specify magnetic field.
 1. specify Bmagnitude, Btheta, Bphi
 2. specify Bx, By, Bz
 Bmagnitude, Bx, By, Bz are real numbers in unit of Tesla. and Bx, By, Bz 
 are in the cartesian coordinates. Btheta is the angle with z axial 
  and Bphi is the angle with respect to x axial in the x-y plane
  Btheta is in [0, 180], Bphi is in [0, 360).
 If you specify both of them together, we will choose the first one.
 If choose the first one, but not specify Btheta, Bphi, then 
 by default we set Btheta=0, Bphi=0 which means B is along z direction.
  
  Warning: You didn't specify the magnitude of magnetic field.
  
 >>You did not specified the magnitude of magnetic field, 
  and also didn't set Bx, By, Bz. So we will set the magnetic direction
  from the settings of Btheta, Bphi.
  If you even didn't set Btheta, Bphi, we will take the default value, 
  Btheta=0, Bphi=0 which means B is along z direction
 >>You didn't set Btheta, and we set it to 0.
 >>You didn't set Bphi, and we set it to 0.
 Bmagnitude (in Tesla) :        1.000000
 Btheta, Bphi :        0.000000        0.000000
 Bx, By, Bz (in Tesla) :        0.000000        0.000000        1.000000
 B direction cosines :        0.000000        0.000000        1.000000
   
 >>>calculation parameters : 
 E_arc :          0.00000
 Eta_arc :          0.00100
 Gap_threshold         0.01000
 OmegaMin :         -1.00000
 OmegaMax :          0.50000
 OmegaNum :     81
 OmegaNum_unfold :    200
 Nk1 :     41
 Nk2 :     41
 Nk3 :      1
 NP number of principle layers  :      1
 Tmin(Kelvin)  :        100.00000
 Tmax(Kelvin)  :        100.00000
 NumT  :      1
 NBTau  :      1
 Beta  :        100.00000
 Nslice_BTau_Max  :   5000
 BTauMax(Tesla.ps)         0.00000
 Relaxation_Time_Tau (ps)         1.00000
 Rcut    999999.00000
 Magp               1
 Magp_min               0
 Magp_max               1
 wcc_calc_tol         0.08000
 wcc_neighbour_tol         0.30000
 NumLCZVecs   400
 NumSelectedEigenVals     0
 NumRandomConfs:     1
 Projection weight mode:NORMAL              
 The size of magnetic supercell is Magq= :      10
  
 We found LATTICE card
>> lattice information (Angstrom)
           a           b           c       alpha        beta       gamma
    3.298192    5.944578   28.048392   47.969894   47.625949   47.625949
 Three Lattice vectors of the unfolded cell: 
    3.298192    0.000000    0.000000
    0.000000    5.944396   -0.046505
    0.000000   -0.098751   28.048218
>> Reciprocal lattice information (1/Angstrom)
           a           b           c       alpha        beta       gamma
    1.905040    1.057029    0.224027  168.847103  170.075351  170.075351
 Three reciprocal lattice vectors of the primitive cell: 
    1.905040    0.000000    0.000000
    0.000000    1.057022    0.003722
    0.000000    0.001753    0.224020
  
 We found ATOM_POSITIONS card
Origin_cell%Num_atoms    6
  
 Warning: You didn't specify the atom magnetic moment in the ATOMIC_POSITION car
 d Or the format is wrong. So we set all the Atom-magnetic-moments to zero.
 
>> Atom position and magnetic moment of Original lattice
                                         Catesian                  Fractional(Direct)         Magnetic moment
------------------------------------------------------------------------------------------------------------------
 index  Atom Name            x           y           z           a           b           c      Mx      My      Mz
------------------------------------------------------------------------------------------------------------------
     1  W             1.649096    2.378652   16.440645    0.264589    0.216909    0.310540   0.000   0.000   0.000
     2  W             0.000000    0.133223   16.631199    0.000000    0.017073    0.313804   0.000   0.000   0.000
     3  Se            1.649096    0.773784   18.432524    0.264589    0.074662    0.347885   0.000   0.000   0.000
     4  Se            0.000000    3.784672   17.915606    0.000000    0.342541    0.338576   0.000   0.000   0.000
     5  Se            0.000000    1.738103   14.639226    0.000000    0.159321    0.276458   0.000   0.000   0.000
     6  Se            1.649096    4.671610   15.109640    0.264589    0.420620    0.285766   0.000   0.000   0.000
  
 We found PROJECTORS card
 >>Number of projectors per atoms:
     6     6     3     3     3     3
W       s       dz2     dxz     dyz     dx2-y2  dxy     
W       s       dz2     dxz     dyz     dx2-y2  dxy     
Se      pz      px      py      
Se      pz      px      py      
Se      pz      px      py      
Se      pz      px      py      
  
 >> Wannier centers by default, in unit of unit lattice vectors
 iwann        R1        R2        R3         x         y         z
     1  0.264589  0.216909  0.310540  1.649096  2.378652 16.440645
     2  0.264589  0.216909  0.310540  1.649096  2.378652 16.440645
     3  0.264589  0.216909  0.310540  1.649096  2.378652 16.440645
     4  0.264589  0.216909  0.310540  1.649096  2.378652 16.440645
     5  0.264589  0.216909  0.310540  1.649096  2.378652 16.440645
     6  0.264589  0.216909  0.310540  1.649096  2.378652 16.440645
     7  0.000000  0.017073  0.313804  0.000000  0.133223 16.631199
     8  0.000000  0.017073  0.313804  0.000000  0.133223 16.631199
     9  0.000000  0.017073  0.313804  0.000000  0.133223 16.631199
    10  0.000000  0.017073  0.313804  0.000000  0.133223 16.631199
    11  0.000000  0.017073  0.313804  0.000000  0.133223 16.631199
    12  0.000000  0.017073  0.313804  0.000000  0.133223 16.631199
    13  0.264589  0.074662  0.347885  1.649096  0.773784 18.432524
    14  0.264589  0.074662  0.347885  1.649096  0.773784 18.432524
    15  0.264589  0.074662  0.347885  1.649096  0.773784 18.432524
    16  0.000000  0.342541  0.338576  0.000000  3.784672 17.915606
    17  0.000000  0.342541  0.338576  0.000000  3.784672 17.915606
    18  0.000000  0.342541  0.338576  0.000000  3.784672 17.915606
    19  0.000000  0.159321  0.276458  0.000000  1.738103 14.639226
    20  0.000000  0.159321  0.276458  0.000000  1.738103 14.639226
    21  0.000000  0.159321  0.276458  0.000000  1.738103 14.639226
    22  0.264589  0.420620  0.285766  1.649096  4.671610 15.109640
    23  0.264589  0.420620  0.285766  1.649096  4.671610 15.109640
    24  0.264589  0.420620  0.285766  1.649096  4.671610 15.109640
    25  0.264589  0.216909  0.310540  1.649096  2.378652 16.440645
    26  0.264589  0.216909  0.310540  1.649096  2.378652 16.440645
    27  0.264589  0.216909  0.310540  1.649096  2.378652 16.440645
    28  0.264589  0.216909  0.310540  1.649096  2.378652 16.440645
    29  0.264589  0.216909  0.310540  1.649096  2.378652 16.440645
    30  0.264589  0.216909  0.310540  1.649096  2.378652 16.440645
    31  0.000000  0.017073  0.313804  0.000000  0.133223 16.631199
    32  0.000000  0.017073  0.313804  0.000000  0.133223 16.631199
    33  0.000000  0.017073  0.313804  0.000000  0.133223 16.631199
    34  0.000000  0.017073  0.313804  0.000000  0.133223 16.631199
    35  0.000000  0.017073  0.313804  0.000000  0.133223 16.631199
    36  0.000000  0.017073  0.313804  0.000000  0.133223 16.631199
    37  0.264589  0.074662  0.347885  1.649096  0.773784 18.432524
    38  0.264589  0.074662  0.347885  1.649096  0.773784 18.432524
    39  0.264589  0.074662  0.347885  1.649096  0.773784 18.432524
    40  0.000000  0.342541  0.338576  0.000000  3.784672 17.915606
    41  0.000000  0.342541  0.338576  0.000000  3.784672 17.915606
    42  0.000000  0.342541  0.338576  0.000000  3.784672 17.915606
    43  0.000000  0.159321  0.276458  0.000000  1.738103 14.639226
    44  0.000000  0.159321  0.276458  0.000000  1.738103 14.639226
    45  0.000000  0.159321  0.276458  0.000000  1.738103 14.639226
    46  0.264589  0.420620  0.285766  1.649096  4.671610 15.109640
    47  0.264589  0.420620  0.285766  1.649096  4.671610 15.109640
    48  0.264589  0.420620  0.285766  1.649096  4.671610 15.109640
 We didn't found LATTICE_UNFOLD card, so it is the same as the unit cell.
>> Folded lattice information (Angstrom)
           a           b           c       alpha        beta       gamma
    3.298192    5.944578   28.048392   47.969894   47.625949   47.625949
 Three Lattice vectors of unfolded cell: 
    3.298192    0.000000    0.000000
    0.000000    5.944396   -0.046505
    0.000000   -0.098751   28.048218
>> Folded Reciprocal lattice information (1/Angstrom)
           a           b           c       alpha        beta       gamma
    1.905040    1.057029    0.224027  168.847103  170.075351  170.075351
 Three reciprocal lattice vectors of unfolded cell: 
    1.905040    0.000000    0.000000
    0.000000    1.057022    0.003722
    0.000000    0.001753    0.224020
 
>> The relation between the original lattice and the unfolded lattice
>> The cell volume ratio is:     1.000000
>> The lattice constant a ratio is:     1.000000
>> The lattice constant b ratio is:     1.000000
>> The lattice constant c ratio is:     1.000000
>> Origin_cell in unit of Folded_cell: R1      1.000000    0.000000    0.000000
>> Origin_cell in unit of Folded_cell: R2      0.000000    1.000000    0.000000
>> Origin_cell in unit of Folded_cell: R3      0.000000    0.000000    1.000000
 
 
>>> Atom position and magnetic moment of Unfolded lattice
                                    Catesian(Ang)                  Fractional(Direct)         Magnetic moment
------------------------------------------------------------------------------------------------------------------
 index  Atom Name            x           y           z           a           b           c      Mx      My      Mz
------------------------------------------------------------------------------------------------------------------
     1  W             0.872664    1.258728    8.700015    0.264589    0.216909    0.310540   0.000   0.000   0.000
     2  W             0.000000    0.070499    8.800851    0.000000    0.017073    0.313804   0.000   0.000   0.000
     3  Se            0.872664    0.409469    9.754072    0.264589    0.074662    0.347885   0.000   0.000   0.000
     4  Se            0.000000    2.002762    9.480530    0.000000    0.342541    0.338576   0.000   0.000   0.000
     5  Se            0.000000    0.919764    7.746745    0.000000    0.159321    0.276458   0.000   0.000   0.000
     6  Se            0.872664    2.472109    7.995677    0.264589    0.420620    0.285766   0.000   0.000   0.000
  
 We found SURFACE card
 
>> new vectors to define the surface (in unit of lattice vector)
 The 1st vector on surface     :    0.000000    1.000000    0.000000
 The 2nd vector on surface     :    0.000000    0.000000    1.000000
 The 3rd vector out of surface :    0.000000    0.000000    1.000000
 
 Warnning: The Umatrix is wrongly set, the new cellvolume should be the same as the old ones. 
 cell_volume vs cell_volume-new 3710.8508    0.0000
 However, don't worry, WannierTools will help you to find a suitable rotation matrix.
 I am looking for new unit cell atuomatically: 
   Congratulations, you got a unit cell that has 
  the same volume as the original unit cell 
  The unitary rotation matrix is : 
     0.000     1.000     0.000
     0.000     0.000     1.000
     1.000     0.000     0.000
  
 The lattice vectors for new cell are : 
 R1=     0.000    11.233    -0.088
 R2=     0.000    -0.187    53.003
 R3=     6.233     0.000     0.000
  Where R1, R2, R3 are in cartesian coordinates
 
>> New SURFACE CARD:
 The 1st vector on surface     :    0.000000    1.000000    0.000000
 The 2nd vector on surface     :    0.000000    0.000000    1.000000
 The 3rd vector out of surface :    1.000000    0.000000    0.000000
  
 The rotated new unit cell in cartesian coordinates : 
    0.000000   11.233280   -0.087882
    0.000000   -0.186613   53.003450
    6.232679    0.000000    0.000000
New cell's Volume is          549.89136Ang^3
  
 Fractional coordinates of atoms in units of new lattice vectors : 
W       0.216909    0.310540    0.264589
W       0.017073    0.313804    0.000000
Se      0.074662    0.347885    0.264589
Se      0.342541    0.338576    0.000000
Se      0.159321    0.276458    0.000000
Se      0.420620    0.285766    0.264589
  
 
 >> Top surface atom is      1 W         
 
 2D Primitive Cell_Volume:    166.725114621996     
 Ra2, Rb2
    5.9446    0.0000
   -0.3182   28.0466
 Ka2, Kb2
    0.2960    0.0034
    0.0000    0.0627
>> lattice information of the magnetic supercell (Angstrom)
    0.000000    5.944396   -0.046505
    0.000000   -0.098751   28.048218
   32.981915    0.000000    0.000000
>> Reciprocal lattice information of the magnetic supercell (1/Angstrom)
    0.000000    1.057022    0.003722
    0.000000    0.001753    0.224020
    0.190504    0.000000    0.000000
  
3D Primitive Origin_cell%CellVolume:     549.89135588 in Angstrom^3
3D Magnetic supercell Volume:    5498.91355883 in Angstrom^3
Projected area of magnetic supercell normal to the first vector specifed in SURFACE card:    3303.34265562 in Angstrom^2
  
 We found KPATH_BULK card
Number of K lines :     4
 X      0.5000   0.0000   0.0000  G       0.0000   0.0000   0.0000
 G      0.0000   0.0000   0.0000  Y       0.0000   0.5000   0.0000
 Y      0.0000   0.5000   0.0000  M       0.5000   0.5000   0.0000
 M      0.5000   0.5000   0.0000  G       0.0000   0.0000   0.0000
  
 We found KPATH_SLAB card
 k lines for 2D system
 No. of k lines for 2D system :            2
  -Y   -0.50000  0.00000    G       0.00000  0.00000
  G     0.00000  0.00000    Y       0.50000  0.00000
 >> Kpoints plane for 2D system--> arcs  
K2D_start: -0.5000 -0.5000
The first vector:   1.0000  0.0000
The second vector:   0.0000  1.0000
  
 We found KPLANE_BULK card
 >> Kpoints plane for 3D system--> gapshape  
k3D_start :   0.0000  0.0000  0.0000
The 1st vector:   1.0000  0.0000  0.0000
The 2nd vector:   0.0000  0.5000  0.0000
 >> Kpoints cube for 3D system--> gapshape3D  
k3D_start :  0.0000  0.0000  0.0000
The 1st vector:   1.0000  0.0000  0.0000
The 2nd vector:   0.0000  1.0000  0.0000
The 3rd vector:   0.0000  0.0000  1.0000
kCubeVolume:   0.4511
ReciprocalOrigin_cell%CellVolume:   0.4511
  
  
 >> Using default parameters for Kpoint_3D
>> k points  0.0000 0.0000 0.0000 in unit of reciprocal primitive cell
>> k points  0.0000 0.0000 0.0000 in Cartesian coordinates
  
 >> Using default parameters for effective mass calculation
 >> Effective mass calculation parameters  
>> The    28'th band
>> k step  0.0100 in unit of 1/Angstrom
>> k points  0.0000 0.0000 0.0000 in unit of reciprocal primitive cell
>> k points  0.0000 0.0000 0.0000 in unit of 1/Angstrom
  
 >> We use the default values for k3points_pointmode_direct=[0,0,0]
 >> and Nk3_point_mode = 1
  
 >> We use the default values for k3points_unfold_pointmode_direct=[0,0,0]
 >> and Nk3_unfold_point_mode = 1
  
 >> We use the default values for Single_KPOINT_2D_DIRECT=[0,0]
  
 >> We use the default values for Single_KPOINT_3D_DIRECT=[0,0,0]
 >> Output all atoms weight for surface state spectrum
 > NtopAtoms            6
> TopAtoms 
     1     2     3     4     5     6
> NbottomAtoms          6
> BottomAtoms 
     1     2     3     4     5     6
 > NtopOrbitals           48
> TopOrbitals 
     1     2     3     4     5     6     7     8     9    10
    11    12    13    14    15    16    17    18    19    20
    21    22    23    24    25    26    27    28    29    30
    31    32    33    34    35    36    37    38    39    40
    41    42    43    44    45    46    47    48
> NBottomOrbitals   48
> BottomOrbitals 
     1     2     3     4     5     6     7     8     9    10
    11    12    13    14    15    16    17    18    19    20
    21    22    23    24    25    26    27    28    29    30
    31    32    33    34    35    36    37    38    39    40
    41    42    43    44    45    46    47    48
  
 >> We do not calculate chirality for nodal lines
  
 >> We do not calculate chirality for weyl points
  
>> There are    1 groups of SelectedAtoms
Group :   1
>> Number of atoms selected         6
>> Selected atoms are
    1  W             2  W             3  Se            4  Se            5  Se            6  Se        
  
>> There are   1 groups of SelectedOrbitals
 >> SelectedOrbitals
>> Number of orbitals selected (including spin degenarcy)        48
>> Orbitals are
       1       2       3       4       5       6       7       8       9      10      11      12
      13      14      15      16      17      18      19      20      21      22      23      24
      25      26      27      28      29      30      31      32      33      34      35      36
      37      38      39      40      41      42      43      44      45      46      47      48
  
 >> SELECTED_OCCUPIED_BANDS
>> Number of Occupied bands selected         28
>> OccupiedBand indices are
     1     2     3     4     5     6     7     8     9    10    11    12
    13    14    15    16    17    18    19    20    21    22    23    24
    25    26    27    28
  
  
 >> SELECTEDBANDS
>> Number of bands selected         48
>> Band indices are
     1     2     3     4     5     6     7     8     9    10    11    12
    13    14    15    16    17    18    19    20    21    22    23    24
    25    26    27    28    29    30    31    32    33    34    35    36
    37    38    39    40    41    42    43    44    45    46    47    48
  
 <<<Read wt.in file successfully
 
  File wannier90_hr.dat exist, We are using HmnR from wannier90
 >> Num_wann          48
 >> NRPTS          45
  >> Begin to read Hmn_R.data
  
 
  Note: This is not a 2D system or E=0, so we can't add electric field.
 
  << Read Hmn_R.data successfully
  
 >> Start of calculating bulk band
 Time cost for BulkBand is about            3.017 s
 << End of calculating bulk band
  
 >> Start of calculating the Wilson loop
 Wcc integration max_diff, Nk_adaptive  3.092113583385014E-004         128
 Wcc integration max_diff, Nk_adaptive  7.019031169770962E-002          64
 Wcc integration max_diff, Nk_adaptive  7.120407388327976E-005         128
 Wcc integration max_diff, Nk_adaptive  6.874259166643348E-002          64
 Wcc integration max_diff, Nk_adaptive  7.012412188522887E-005         128
 Wcc iter:           1
    1   0.00000   0.00000   0.00000 T T   0.05263
    2   0.00000   0.01250   0.00000 T T   0.05055
    3   0.00000   0.02500   0.00000 T T   0.04786
    4   0.00000   0.03750   0.00000 T T   0.04472
    5   0.00000   0.05000   0.00000 T T   0.04140
    6   0.00000   0.06250   0.00000 T T   0.03818
    7   0.00000   0.07500   0.00000 T T   0.03528
    8   0.00000   0.08750   0.00000 T T   0.03266
    9   0.00000   0.10000   0.00000 T T   0.03031
   10   0.00000   0.11250   0.00000 T T   0.03050
   11   0.00000   0.12500   0.00000 T T   0.03077
   12   0.00000   0.13750   0.00000 T T   0.03093
   13   0.00000   0.15000   0.00000 T T   0.03103
   14   0.00000   0.16250   0.00000 T T   0.03108
   15   0.00000   0.17500   0.00000 T T   0.03109
   16   0.00000   0.18750   0.00000 T T   0.03110
   17   0.00000   0.20000   0.00000 T T   0.03109
   18   0.00000   0.21250   0.00000 T T   0.03109
   19   0.00000   0.22500   0.00000 T T   0.03108
   20   0.00000   0.23750   0.00000 T T   0.03109
   21   0.00000   0.25000   0.00000 T T   0.03280
   22   0.00000   0.26250   0.00000 T T   0.03448
   23   0.00000   0.27500   0.00000 T T   0.03608
   24   0.00000   0.28750   0.00000 T T   0.03762
   25   0.00000   0.30000   0.00000 T T   0.03909
   26   0.00000   0.31250   0.00000 T T   0.04048
   27   0.00000   0.32500   0.00000 T T   0.04180
   28   0.00000   0.33750   0.00000 T T   0.04306
   29   0.00000   0.35000   0.00000 T T   0.04426
   30   0.00000   0.36250   0.00000 T T   0.04540
   31   0.00000   0.37500   0.00000 T T   0.04649
   32   0.00000   0.38750   0.00000 T T   0.04753
   33   0.00000   0.40000   0.00000 T T   0.04852
   34   0.00000   0.41250   0.00000 T T   0.04946
   35   0.00000   0.42500   0.00000 T T   0.05036
   36   0.00000   0.43750   0.00000 T T   0.05123
   37   0.00000   0.45000   0.00000 T T   0.05207
   38   0.00000   0.46250   0.00000 T T   0.05287
   39   0.00000   0.47500   0.00000 T T   0.05365
   40   0.00000   0.48750   0.00000 T T   0.05440
   41   0.00000   0.50000   0.00000 T T   0.05492
 Z2 for the plane you choose:            1
 Time cost for WannierCenter is about            0.533 s
 << End of calculating the Wilson loop
  
 >> Start of calculating the surface state
 SurfaceSS, ik           1 Nk          82 time left  0.000000000000000E+000  s
 ndim          48
 knv2,omeganum,eta          82          81  5.555555555555556E-002
 calculate density of state successfully
 Time cost for SlabSS_calc is about            7.741 s
 End of calculating the surface state
  
 Time cost for whole program is about           11.860 s
  
  
  =======================================================================
  Congratulations! you finished the calculation.
  I hope you could find something useful from this calculation.
  If so, I would like to ask you to cite our this paper:
  
  WannierTools : An open-source software package for novel topological materials
  QuanSheng Wu and ShengNan Zhang and Hai-Feng Song and Matthias Troyer and Alexey A. Soluyanov
  Computer Physics Communications 224, 405 (2018)
  https://doi.org/10.1016/j.cpc.2017.09.033
  
  For bugs, please report to wuquansheng@gmail.com                   
  or wanniertools@groups.google.com.                 
  More information could find on www.wanniertools.com            
  See you next time :)
  =======================================================================
