 -----------------------------------------------------------------------
  W            W            W              TTTTTTTTTTTTTTTTTTTT         
   W          W W          W                        TT                  
    W        W   W        W                         TT                  
     W      W     W      W                          TT                  
      W    W       W    W                           TT                  
       W  W         W  W                            TT                  
        WW           WW                             TT                  
        W             W                             TT                  
                                                                        
                        Welcome to WannierTools.                       
                             Version 2.6.0     
                   Tools for novel topological materials.               
                          Enjoy it and good luck.                       
                           Author : QuanSheng Wu                        
                        Email : wuquansheng@gmail.com                   
               Find more information on www.wanniertools.com            
 =======================================================================
                                                                        
 You are using     2 CPU cores
  
   
 >>>Read some paramters from wt.in
 You are using : TB     model
 Tight-binding Hamiltonian FROM: Hr File
 Is_Sparse_Hr=  F
 Tight-binding Hamiltonian filename: wannier90_hr.dat         
 System of particle: electron                 
 Tight-binding Hamiltonian obtained from : VASP                     
   
 >>>Control parameters: 
 BulkBand_line_calc                :  T
 BulkBand_plane_calc               :  F
 Landaulevel_unfold_line_calc      :  F
 BulkBand_unfold_line_calc         :  F
 BulkBand_unfold_plane_calc        :  F
 QPI_unfold_plane_calc             :  F
 BulkFatBand_calc                  :  F
 BulkBand_cube_calc                :  F
 BulkFS_calc                       :  F
 BulkFS_Plane_calc                 :  F
 BulkFS_plane_stack_calc           :  F
 BulkGap_cube_calc                 :  F
 BulkGap_plane_calc                :  F
 SlabBand_calc                     :  T
 SlabBandWaveFunc_calc             :  F
 SlabSS_calc                       :  T
 SlabArc_calc                      :  T
 SlabSpintexture_calc              :  T
 wanniercenter_calc                :  F
 BerryPhase_calc                   :  F
 BerryCurvature_calc               :  F
 BerryCurvature_EF_calc            :  F
 BerryCurvature_kpath_EF_calc      :  F
 BerryCurvature_kpath_Occupied_calc:  F
 BerryCurvature_Cube_calc          :  F
 BerryCurvature_slab_calc          :  F
 Dos_calc                          :  F
 Z2_3D_calc                        :  T
 WeylChirality_calc                :  F
 NLChirality_calc                  :  F
 Chern_3D_calc                     :  F
 MirrorChern_calc                  :  F
 JDos_calc                         :  F
 FindNodes_calc                    :  F
 EffectiveMass_calc                :  F
 AHC_calc                          :  F
 Boltz_OHE_calc                    :  F
 Boltz_Berry_correction            :  F
 LOTO_correction                   :  F
 OrbitalTexture_calc               :  F
 OrbitalTexture_3D_calc            :  F
 LandauLevel_k_calc                :  F
 LandauLevel_B_calc                :  F
 LandauLevel_wavefunction_calc     :  F
 Fit_kp_calc                       :  F
 DMFT_MAG_calc                     :  F
 Translate_to_WS_calc              :  F
 LandauLevel_kplane_calc           :  F
 LandauLevel_k_dos_calc            :  F
 LandauLevel_B_dos_calc            :  F
 FermiLevel_calc                   :  F
 ChargeDensity_selected_bands_calc :  F
 ChargeDensity_selected_energies_calc :  F
   
 >>>System parameters: 
 NumSlabs :     6
 Nslab1 for ribbon  :     1
 Nslab2 for ribbon  :     1
 Number of Occupied bands:    18
 Number of total electrons:   18.000000
 With SOC or not in Hrfile:     1
 Fermi energy (eV) :        4.419500
 surf_onsite (eV):         0.000000
 Add_Zeeman_Field:  F
 Zeeman_energy_in_eV (eV):         0.000000
 Electric_field_in_eVpA (eV/Angstrom):         0.000000
 Symmetrical_Electric_field_in_eVpA (eV/Angstrom):         0.000000
 Inner_symmetrical_Electric_Field:  F
 ijmax :    10
   
 **Notes**: There are two ways to specify magnetic field.
 1. specify Bmagnitude, Btheta, Bphi
 2. specify Bx, By, Bz
 Bmagnitude, Bx, By, Bz are real numbers in unit of Tesla. and Bx, By, Bz 
 are in the cartesian coordinates. Btheta is the angle with z axial 
  and Bphi is the angle with respect to x axial in the x-y plane
  Btheta is in [0, 180], Bphi is in [0, 360).
 If you specify both of them together, we will choose the first one.
 If choose the first one, but not specify Btheta, Bphi, then 
 by default we set Btheta=0, Bphi=0 which means B is along z direction.
  
  Warning: You didn't specify the magnitude of magnetic field.
  
 >>You did not specified the magnitude of magnetic field, 
  and also didn't set Bx, By, Bz. So we will set the magnetic direction
  from the settings of Btheta, Bphi.
  If you even didn't set Btheta, Bphi, we will take the default value, 
  Btheta=0, Bphi=0 which means B is along z direction
 >>You didn't set Btheta, and we set it to 0.
 >>You didn't set Bphi, and we set it to 0.
 Bmagnitude (in Tesla) :        1.000000
 Btheta, Bphi :        0.000000        0.000000
 Bx, By, Bz (in Tesla) :        0.000000        0.000000        1.000000
 B direction cosines :        0.000000        0.000000        1.000000
   
 >>>calculation parameters : 
 E_arc :          0.00000
 Eta_arc :          0.00100
 Gap_threshold         0.01000
 OmegaMin :         -0.60000
 OmegaMax :          0.50000
 OmegaNum :    201
 OmegaNum_unfold :    200
 Nk1 :     61
 Nk2 :     61
 Nk3 :      1
 NP number of principle layers  :      1
 Tmin(Kelvin)  :        100.00000
 Tmax(Kelvin)  :        100.00000
 NumT  :      1
 NBTau  :      1
 Beta  :        100.00000
 Nslice_BTau_Max  :   5000
 BTauMax(Tesla.ps)         0.00000
 Relaxation_Time_Tau (ps)         1.00000
 Rcut    999999.00000
 Magp               1
 Magp_min               0
 Magp_max               1
 wcc_calc_tol         0.08000
 wcc_neighbour_tol         0.30000
 NumLCZVecs   400
 NumSelectedEigenVals     0
 NumRandomConfs:     1
 Projection weight mode:NORMAL              
 The size of magnetic supercell is Magq= :       6
  
 We found LATTICE card
>> lattice information (Angstrom)
           a           b           c       alpha        beta       gamma
    4.138001    4.138001    9.841063   54.048310   54.048310   31.750626
 Three Lattice vectors of the unfolded cell: 
   -2.069000   -3.583614    0.000000
    2.069000   -3.583614    0.000000
    0.000000    2.389075    9.546667
>> Reciprocal lattice information (1/Angstrom)
           a           b           c       alpha        beta       gamma
    1.766982    1.766982    0.658155  156.597578  156.597578  223.897883
 Three reciprocal lattice vectors of the primitive cell: 
   -1.518411   -0.876655    0.219385
    1.518411   -0.876655    0.219385
    0.000000    0.000000    0.658155
  
 We found ATOM_POSITIONS card
Origin_cell%Num_atoms    5
  
 Warning: You didn't specify the atom magnetic moment in the ATOMIC_POSITION car
 d Or the format is wrong. So we set all the Atom-magnetic-moments to zero.
 
>> Atom position and magnetic moment of Original lattice
                                         Catesian                  Fractional(Direct)         Magnetic moment
------------------------------------------------------------------------------------------------------------------
 index  Atom Name            x           y           z           a           b           c      Mx      My      Mz
------------------------------------------------------------------------------------------------------------------
     1  Bi            0.000000   -2.257351   12.574288    0.399000    0.399000    0.697000   0.000   0.000   0.000
     2  Bi            0.000000   -6.772050    5.466298    0.601000    0.601000    0.303000   0.000   0.000   0.000
     3  Se            0.000000    2.257349    9.020293    0.000000   -0.000000    0.500000   0.000   0.000   0.000
     4  Se            0.000000   -2.257350    2.128789    0.206000    0.206000    0.118000   0.000   0.000   0.000
     5  Se            0.000000   -6.772051   15.911797    0.794000    0.794000    0.882000   0.000   0.000   0.000
  
 We found PROJECTORS card
 >>Number of projectors per atoms:
     3     3     3     3     3
Bi      pz      px      py      
Bi      pz      px      py      
Se      pz      px      py      
Se      pz      px      py      
Se      pz      px      py      
  
 We found Origin_cell%wannier_ceters card
  
 >> Wannier centers from wt.in, in unit of unit lattice vectors
 iwann        R1        R2        R3         x         y         z
     1  0.210878  0.210868  0.367984 -0.000040 -1.194745  6.638646
     2  0.211038  0.211048  0.368062  0.000038 -1.196699  6.640059
     3  0.210730  0.210722  0.368072 -0.000032 -1.192363  6.640243
     4  0.318316  0.318294  0.161194 -0.000086 -3.583414  2.908040
     5  0.318128  0.318140  0.161114  0.000047 -3.581457  2.906587
     6  0.318461  0.318452  0.161106 -0.000033 -3.585864  2.906443
     7  0.000001  0.000001  0.264589 -0.000001  1.194527  4.773338
     8 -0.000000  0.000000  0.264589  0.000003  1.194538  4.773336
     9  0.000005 -0.000005  0.264588 -0.000037  1.194536  4.773327
    10  0.109068  0.109069  0.062651  0.000006 -1.194384  1.130261
    11  0.110924  0.110920  0.063206 -0.000018 -1.216986  1.140267
    12  0.107623  0.107625  0.063229  0.000007 -1.172216  1.140684
    13  0.420107  0.420110  0.466526  0.000011 -3.583770  8.416406
    14  0.418255  0.418255  0.465971 -0.000002 -3.561169  8.406398
    15  0.421555  0.421554  0.465948 -0.000007 -3.605960  8.405979
    16  0.210861  0.210883  0.367983  0.000086 -1.194737  6.638626
    17  0.211049  0.211037  0.368063 -0.000047 -1.196693  6.640080
    18  0.210716  0.210725  0.368071  0.000033 -1.192286  6.640223
    19  0.318299  0.318309  0.161193  0.000040 -3.583406  2.908021
    20  0.318139  0.318129  0.161115 -0.000038 -3.581452  2.906608
    21  0.318447  0.318455  0.161105  0.000032 -3.585788  2.906424
    22 -0.000001 -0.000001  0.264588  0.000001  1.194548  4.773330
    23  0.000000 -0.000000  0.264589 -0.000003  1.194537  4.773332
    24 -0.000005  0.000005  0.264589  0.000037  1.194539  4.773340
    25  0.109070  0.109067  0.062651 -0.000011 -1.194381  1.130260
    26  0.110922  0.110922  0.063206  0.000002 -1.216981  1.140268
    27  0.107622  0.107623  0.063229  0.000007 -1.172191  1.140687
    28  0.420109  0.420108  0.466526 -0.000006 -3.583766  8.416405
    29  0.418253  0.418257  0.465972  0.000018 -3.561165  8.406400
    30  0.421554  0.421552  0.465948 -0.000007 -3.605935  8.405982
 We didn't found LATTICE_UNFOLD card, so it is the same as the unit cell.
>> Folded lattice information (Angstrom)
           a           b           c       alpha        beta       gamma
    4.138001    4.138001    9.841063   54.048310   54.048310   31.750626
 Three Lattice vectors of unfolded cell: 
   -2.069000   -3.583614    0.000000
    2.069000   -3.583614    0.000000
    0.000000    2.389075    9.546667
>> Folded Reciprocal lattice information (1/Angstrom)
           a           b           c       alpha        beta       gamma
    1.766982    1.766982    0.658155  156.597578  156.597578  223.897883
 Three reciprocal lattice vectors of unfolded cell: 
   -1.518411   -0.876655    0.219385
    1.518411   -0.876655    0.219385
    0.000000    0.000000    0.658155
 
>> The relation between the original lattice and the unfolded lattice
>> The cell volume ratio is:     1.000000
>> The lattice constant a ratio is:     1.000000
>> The lattice constant b ratio is:     1.000000
>> The lattice constant c ratio is:     1.000000
>> Origin_cell in unit of Folded_cell: R1      1.000000    0.000000    0.000000
>> Origin_cell in unit of Folded_cell: R2     -0.000000    1.000000    0.000000
>> Origin_cell in unit of Folded_cell: R3      0.000000   -0.000000    1.000000
 
 
>>> Atom position and magnetic moment of Unfolded lattice
                                    Catesian(Ang)                  Fractional(Direct)         Magnetic moment
------------------------------------------------------------------------------------------------------------------
 index  Atom Name            x           y           z           a           b           c      Mx      My      Mz
------------------------------------------------------------------------------------------------------------------
     1  Bi            0.000000   -1.194539    6.654027    0.399000    0.399000    0.697000   0.000   0.000   0.000
     2  Bi            0.000000   -3.583614    2.892640    0.601000    0.601000    0.303000   0.000   0.000   0.000
     3  Se            0.000000    1.194538    4.773333    0.000000   -0.000000    0.500000   0.000   0.000   0.000
     4  Se            0.000000   -1.194538    1.126507    0.206000    0.206000    0.118000   0.000   0.000   0.000
     5  Se            0.000000   -3.583615    8.420160    0.794000    0.794000    0.882000   0.000   0.000   0.000
  
 We found SURFACE card
 
>> new vectors to define the surface (in unit of lattice vector)
 The 1st vector on surface     :    1.000000    0.000000    0.000000
 The 2nd vector on surface     :    0.000000    1.000000    0.000000
 The 3rd vector out of surface :    0.000000    0.000000    1.000000
  
 The rotated new unit cell in cartesian coordinates : 
   -3.909843   -6.772049    0.000000
    3.909843   -6.772049    0.000000
    0.000000    4.514697   18.040586
New cell's Volume is          141.56747Ang^3
  
 Fractional coordinates of atoms in units of new lattice vectors : 
Bi      0.399000    0.399000    0.697000
Bi      0.601000    0.601000    0.303000
Se      0.000000    0.000000    0.500000
Se      0.206000    0.206000    0.118000
Se      0.794000    0.794000    0.882000
  
 
 >> Top surface atom is      5 Se        
 
 2D Primitive Cell_Volume:    14.8289947320000     
 Ra2, Rb2
    4.1380    0.0000
    2.0690    3.5836
 Ka2, Kb2
    0.4252   -0.2455
    0.0000    0.4910
>> lattice information of the magnetic supercell (Angstrom)
   -2.069000   -3.583614    0.000000
    2.069000   -3.583614    0.000000
    0.000000   14.334450   57.280002
>> Reciprocal lattice information of the magnetic supercell (1/Angstrom)
   -1.518411   -0.876655    0.219385
    1.518411   -0.876655    0.219385
    0.000000    0.000000    0.109692
  
3D Primitive Origin_cell%CellVolume:     141.56747465 in Angstrom^3
3D Magnetic supercell Volume:     849.40484791 in Angstrom^3
Projected area of magnetic supercell normal to the first vector specifed in SURFACE card:     733.03026036 in Angstrom^2
  
 We found KPATH_BULK card
Number of K lines :     4
 G      0.0000   0.0000   0.0000  Z       0.0000   0.0000   0.5000
 Z      0.0000   0.0000   0.5000  F       0.5000   0.5000   0.0000
 F      0.5000   0.5000   0.0000  G       0.0000   0.0000   0.0000
 G      0.0000   0.0000   0.0000  L       0.5000   0.0000   0.0000
  
 We found KPATH_SLAB card
 k lines for 2D system
 No. of k lines for 2D system :            2
  K     0.33000  0.67000    G       0.00000  0.00000
  G     0.00000  0.00000    M       0.50000  0.50000
  
 We found KPLANE_SLAB card
 >> Kpoints plane for 2D system--> arcs  
K2D_start: -0.1000 -0.1000
The first vector:   0.2000  0.0000
The second vector:   0.0000  0.2000
 >> Kpoints plane for 3D system--> gapshape  
k3D_start :   0.0000  0.0000  0.0000
The 1st vector:   1.0000  0.0000  0.0000
The 2nd vector:   0.0000  0.5000  0.0000
 >> Kpoints cube for 3D system--> gapshape3D  
k3D_start :  0.0000  0.0000  0.0000
The 1st vector:   1.0000  0.0000  0.0000
The 2nd vector:   0.0000  1.0000  0.0000
The 3rd vector:   0.0000  0.0000  1.0000
kCubeVolume:   1.7522
ReciprocalOrigin_cell%CellVolume:   1.7522
  
  
 >> Using default parameters for Kpoint_3D
>> k points  0.0000 0.0000 0.0000 in unit of reciprocal primitive cell
>> k points  0.0000 0.0000 0.0000 in Cartesian coordinates
  
 >> Using default parameters for effective mass calculation
 >> Effective mass calculation parameters  
>> The    18'th band
>> k step  0.0100 in unit of 1/Angstrom
>> k points  0.0000 0.0000 0.0000 in unit of reciprocal primitive cell
>> k points  0.0000 0.0000 0.0000 in unit of 1/Angstrom
  
 >> We use the default values for k3points_pointmode_direct=[0,0,0]
 >> and Nk3_point_mode = 1
  
 >> We use the default values for k3points_unfold_pointmode_direct=[0,0,0]
 >> and Nk3_unfold_point_mode = 1
  
 >> We use the default values for Single_KPOINT_2D_DIRECT=[0,0]
  
 >> We use the default values for Single_KPOINT_3D_DIRECT=[0,0,0]
 >> Output all atoms weight for surface state spectrum
 > NtopAtoms            5
> TopAtoms 
     1     2     3     4     5
> NbottomAtoms          5
> BottomAtoms 
     1     2     3     4     5
 > NtopOrbitals           30
> TopOrbitals 
     1     2     3     4     5     6     7     8     9    10
    11    12    13    14    15    16    17    18    19    20
    21    22    23    24    25    26    27    28    29    30
> NBottomOrbitals   30
> BottomOrbitals 
     1     2     3     4     5     6     7     8     9    10
    11    12    13    14    15    16    17    18    19    20
    21    22    23    24    25    26    27    28    29    30
  
 >> We do not calculate chirality for nodal lines
  
 >> We do not calculate chirality for weyl points
  
>> There are    1 groups of SelectedAtoms
Group :   1
>> Number of atoms selected         5
>> Selected atoms are
    1  Bi            2  Bi            3  Se            4  Se            5  Se        
  
>> There are   1 groups of SelectedOrbitals
 >> SelectedOrbitals
>> Number of orbitals selected (including spin degenarcy)        30
>> Orbitals are
       1       2       3       4       5       6       7       8       9      10      11      12
      13      14      15      16      17      18      19      20      21      22      23      24
      25      26      27      28      29      30
  
 >> SELECTED_OCCUPIED_BANDS
>> Number of Occupied bands selected         18
>> OccupiedBand indices are
     1     2     3     4     5     6     7     8     9    10    11    12
    13    14    15    16    17    18
  
  
 >> SELECTEDBANDS
>> Number of bands selected         30
>> Band indices are
     1     2     3     4     5     6     7     8     9    10    11    12
    13    14    15    16    17    18    19    20    21    22    23    24
    25    26    27    28    29    30
  
 <<<Read wt.in file successfully
 
  File wannier90_hr.dat exist, We are using HmnR from wannier90
 >> Num_wann          30
 >> NRPTS         547
  >> Begin to read Hmn_R.data
  
 
  Note: This is not a 2D system or E=0, so we can't add electric field.
 
  << Read Hmn_R.data successfully
  
 >> Start of calculating bulk band
 Time cost for BulkBand is about            1.899 s
 << End of calculating bulk band
  
 >> Start of calculating the slab band structure
 Slabek: ik        1  /       122 time left       0.0s time elapsed:        0.0s
 Slabek: ik        9  /       122 time left       0.3s time elapsed:        0.0s
 Slabek: ik       17  /       122 time left       0.3s time elapsed:        0.0s
 Slabek: ik       25  /       122 time left       0.2s time elapsed:        0.1s
 Slabek: ik       33  /       122 time left       0.2s time elapsed:        0.1s
 Slabek: ik       41  /       122 time left       0.2s time elapsed:        0.1s
 Slabek: ik       49  /       122 time left       0.2s time elapsed:        0.1s
 Slabek: ik       57  /       122 time left       0.1s time elapsed:        0.1s
 Slabek: ik       65  /       122 time left       0.1s time elapsed:        0.2s
 Slabek: ik       73  /       122 time left       0.1s time elapsed:        0.2s
 Slabek: ik       81  /       122 time left       0.1s time elapsed:        0.2s
 Slabek: ik       89  /       122 time left       0.1s time elapsed:        0.2s
 Slabek: ik       97  /       122 time left       0.1s time elapsed:        0.2s
 Slabek: ik      105  /       122 time left       0.1s time elapsed:        0.3s
 Slabek: ik      113  /       122 time left       0.0s time elapsed:        0.3s
 Slabek: ik      121  /       122 time left       0.0s time elapsed:        0.3s
 calculate energy band  done
 Time cost for SlabBand_calc is about            2.860 s
 << End of calculating the slab band structure
  
 >> Start of calculating Z2 number for the bulk
 Wcc integration max_diff, Nk_adaptive  0.000000000000000E+000          64
 Wcc integration max_diff, Nk_adaptive  5.964854423367072E-002          64
 Wcc integration max_diff, Nk_adaptive  6.296904778663759E-002          64
 Wcc integration max_diff, Nk_adaptive  4.484283585348692E-005         128
 Wcc integration max_diff, Nk_adaptive  4.332683277752380E-005         128
 Wcc integration max_diff, Nk_adaptive  4.196184671378944E-005         128
 Wcc integration max_diff, Nk_adaptive  3.816892225394497E-005         128
 Wcc integration max_diff, Nk_adaptive  3.066244493687975E-005         128
 Wcc integration max_diff, Nk_adaptive  3.766501924085119E-002          64
 Wcc integration max_diff, Nk_adaptive  2.539460132142501E-002          64
 Wcc integration max_diff, Nk_adaptive  1.701071589504366E-002          64
 Wcc integration max_diff, Nk_adaptive  1.223473517680773E-002          64
 Wcc integration max_diff, Nk_adaptive  9.679620669116318E-003          64
 Wcc integration max_diff, Nk_adaptive  8.429209884646127E-003          64
 Wcc integration max_diff, Nk_adaptive  7.861336284046061E-003          64
 Wcc integration max_diff, Nk_adaptive  7.148125657172599E-003          64
 Wcc integration max_diff, Nk_adaptive  5.706876011061013E-003          64
 Wcc integration max_diff, Nk_adaptive  4.717803501108619E-003          64
 Wcc integration max_diff, Nk_adaptive  4.476985609741746E-003          64
 Wcc integration max_diff, Nk_adaptive  3.422971337126768E-003          64
 Wcc integration max_diff, Nk_adaptive  1.772478975121672E-003          64
 Wcc integration max_diff, Nk_adaptive  8.247039909736742E-004          64
 Wcc integration max_diff, Nk_adaptive  1.594799984131257E-003          64
 Wcc integration max_diff, Nk_adaptive  2.896602076932098E-003          64
 Wcc integration max_diff, Nk_adaptive  3.481161757035167E-003          64
 Wcc integration max_diff, Nk_adaptive  3.621689180556942E-003          64
 Wcc integration max_diff, Nk_adaptive  3.495420694074269E-003          64
 Wcc integration max_diff, Nk_adaptive  3.215941339281159E-003          64
 Wcc integration max_diff, Nk_adaptive  2.858512973991978E-003          64
 Wcc integration max_diff, Nk_adaptive  2.475651996430628E-003          64
 Wcc integration max_diff, Nk_adaptive  2.101729906971883E-003          64
 Wcc iter:           1
    1   0.00000   0.00000   0.00000 T T   0.09210
    2   0.00000   0.00833   0.00000 T T   0.08334
    3   0.00000   0.01667   0.00000 T T   0.07400
    4   0.00000   0.02500   0.00000 T T   0.06412
    5   0.00000   0.03333   0.00000 T T   0.07352
    6   0.00000   0.04167   0.00000 T T   0.08979
    7   0.00000   0.05000   0.00000 T T   0.10306
    8   0.00000   0.05833   0.00000 T T   0.11354
    9   0.00000   0.06667   0.00000 T T   0.12185
   10   0.00000   0.07500   0.00000 T T   0.12864
   11   0.00000   0.08333   0.00000 T T   0.13449
   12   0.00000   0.09167   0.00000 T T   0.13985
   13   0.00000   0.10000   0.00000 T T   0.14500
   14   0.00000   0.10833   0.00000 T T   0.14998
   15   0.00000   0.11667   0.00000 T T   0.15458
   16   0.00000   0.12500   0.00000 T T   0.15867
   17   0.00000   0.13333   0.00000 T T   0.16211
   18   0.00000   0.14167   0.00000 T T   0.16492
   19   0.00000   0.15000   0.00000 T T   0.16719
   20   0.00000   0.15833   0.00000 T T   0.16905
   21   0.00000   0.16667   0.00000 T T   0.17059
   22   0.00000   0.17500   0.00000 T T   0.17190
   23   0.00000   0.18333   0.00000 T T   0.17303
   24   0.00000   0.19167   0.00000 T T   0.17405
   25   0.00000   0.20000   0.00000 T T   0.17497
   26   0.00000   0.20833   0.00000 T T   0.17583
   27   0.00000   0.21667   0.00000 T T   0.17666
   28   0.00000   0.22500   0.00000 T T   0.17746
   29   0.00000   0.23333   0.00000 T T   0.17823
   30   0.00000   0.24167   0.00000 T T   0.17898
   31   0.00000   0.25000   0.00000 T T   0.17967
   32   0.00000   0.25833   0.00000 T T   0.18023
   33   0.00000   0.26667   0.00000 T T   0.18054
   34   0.00000   0.27500   0.00000 T T   0.18043
   35   0.00000   0.28333   0.00000 T T   0.17981
   36   0.00000   0.29167   0.00000 T T   0.17873
   37   0.00000   0.30000   0.00000 T T   0.17749
   38   0.00000   0.30833   0.00000 T T   0.17636
   39   0.00000   0.31667   0.00000 T T   0.17545
   40   0.00000   0.32500   0.00000 T T   0.17480
   41   0.00000   0.33333   0.00000 T T   0.17439
   42   0.00000   0.34167   0.00000 T T   0.17418
   43   0.00000   0.35000   0.00000 T T   0.17414
   44   0.00000   0.35833   0.00000 T T   0.17422
   45   0.00000   0.36667   0.00000 T T   0.17439
   46   0.00000   0.37500   0.00000 T T   0.17462
   47   0.00000   0.38333   0.00000 T T   0.17489
   48   0.00000   0.39167   0.00000 T T   0.17519
   49   0.00000   0.40000   0.00000 T T   0.17549
   50   0.00000   0.40833   0.00000 T T   0.17579
   51   0.00000   0.41667   0.00000 T T   0.17609
   52   0.00000   0.42500   0.00000 T T   0.17636
   53   0.00000   0.43333   0.00000 T T   0.17661
   54   0.00000   0.44167   0.00000 T T   0.17684
   55   0.00000   0.45000   0.00000 T T   0.17704
   56   0.00000   0.45833   0.00000 T T   0.17721
   57   0.00000   0.46667   0.00000 T T   0.17735
   58   0.00000   0.47500   0.00000 T T   0.17746
   59   0.00000   0.48333   0.00000 T T   0.17754
   60   0.00000   0.49167   0.00000 T T   0.17759
   61   0.00000   0.50000   0.00000 T T   0.17762
 Wcc integration max_diff, Nk_adaptive  1.766764883726069E-005         128
 Wcc integration max_diff, Nk_adaptive  6.627290095837068E-003          64
 Wcc integration max_diff, Nk_adaptive  4.475256028770858E-003          64
 Wcc integration max_diff, Nk_adaptive  1.554692744889508E-003          64
 Wcc integration max_diff, Nk_adaptive  7.907787086285367E-004          64
 Wcc integration max_diff, Nk_adaptive  3.609877324596056E-003          64
 Wcc integration max_diff, Nk_adaptive  5.672767012647739E-003          64
 Wcc integration max_diff, Nk_adaptive  7.094906291387204E-003          64
 Wcc integration max_diff, Nk_adaptive  7.417913467653747E-003          64
 Wcc integration max_diff, Nk_adaptive  6.844733249563362E-003          64
 Wcc integration max_diff, Nk_adaptive  6.262922381967684E-003          64
 Wcc integration max_diff, Nk_adaptive  5.855392500738077E-003          64
 Wcc integration max_diff, Nk_adaptive  5.232902825222041E-003          64
 Wcc integration max_diff, Nk_adaptive  4.301726184875676E-003          64
 Wcc integration max_diff, Nk_adaptive  3.161944551115070E-003          64
 Wcc integration max_diff, Nk_adaptive  1.693753509966811E-003          64
 Wcc integration max_diff, Nk_adaptive  1.216032328290595E-004          64
 Wcc integration max_diff, Nk_adaptive  8.101251719541125E-004          64
 Wcc integration max_diff, Nk_adaptive  1.341284723043401E-003          64
 Wcc integration max_diff, Nk_adaptive  1.753502605838619E-003          64
 Wcc integration max_diff, Nk_adaptive  2.065960731471250E-003          64
 Wcc integration max_diff, Nk_adaptive  2.290992502228306E-003          64
 Wcc integration max_diff, Nk_adaptive  2.522188346768317E-003          64
 Wcc integration max_diff, Nk_adaptive  2.684980210462484E-003          64
 Wcc integration max_diff, Nk_adaptive  2.516209805117242E-003          64
 Wcc integration max_diff, Nk_adaptive  1.980749668053505E-003          64
 Wcc integration max_diff, Nk_adaptive  1.246672930976800E-003          64
 Wcc integration max_diff, Nk_adaptive  4.166842078081601E-004          64
 Wcc integration max_diff, Nk_adaptive  4.648045434265669E-003          64
 Wcc integration max_diff, Nk_adaptive  1.345294743376968E-002          64
 Wcc integration max_diff, Nk_adaptive  2.015201692933388E-002          64
 Wcc iter:           1
    1   0.50000   0.00000   0.00000 T T   0.17761
    2   0.50000   0.00833   0.00000 T T   0.17559
    3   0.50000   0.01667   0.00000 T T   0.17363
    4   0.50000   0.02500   0.00000 T T   0.17205
    5   0.50000   0.03333   0.00000 T T   0.17096
    6   0.50000   0.04167   0.00000 T T   0.17032
    7   0.50000   0.05000   0.00000 T T   0.17003
    8   0.50000   0.05833   0.00000 T T   0.17000
    9   0.50000   0.06667   0.00000 T T   0.17016
   10   0.50000   0.07500   0.00000 T T   0.17047
   11   0.50000   0.08333   0.00000 T T   0.17088
   12   0.50000   0.09167   0.00000 T T   0.17140
   13   0.50000   0.10000   0.00000 T T   0.17202
   14   0.50000   0.10833   0.00000 T T   0.17270
   15   0.50000   0.11667   0.00000 T T   0.17343
   16   0.50000   0.12500   0.00000 T T   0.17418
   17   0.50000   0.13333   0.00000 T T   0.17492
   18   0.50000   0.14167   0.00000 T T   0.17562
   19   0.50000   0.15000   0.00000 T T   0.17628
   20   0.50000   0.15833   0.00000 T T   0.17692
   21   0.50000   0.16667   0.00000 T T   0.17754
   22   0.50000   0.17500   0.00000 T T   0.17814
   23   0.50000   0.18333   0.00000 T T   0.17871
   24   0.50000   0.19167   0.00000 T T   0.17925
   25   0.50000   0.20000   0.00000 T T   0.17976
   26   0.50000   0.20833   0.00000 T T   0.18021
   27   0.50000   0.21667   0.00000 T T   0.18062
   28   0.50000   0.22500   0.00000 T T   0.18096
   29   0.50000   0.23333   0.00000 T T   0.18125
   30   0.50000   0.24167   0.00000 T T   0.18146
   31   0.50000   0.25000   0.00000 T T   0.18159
   32   0.50000   0.25833   0.00000 T T   0.18161
   33   0.50000   0.26667   0.00000 T T   0.18152
   34   0.50000   0.27500   0.00000 T T   0.18132
   35   0.50000   0.28333   0.00000 T T   0.18104
   36   0.50000   0.29167   0.00000 T T   0.18067
   37   0.50000   0.30000   0.00000 T T   0.18024
   38   0.50000   0.30833   0.00000 T T   0.17974
   39   0.50000   0.31667   0.00000 T T   0.17919
   40   0.50000   0.32500   0.00000 T T   0.17859
   41   0.50000   0.33333   0.00000 T T   0.17795
   42   0.50000   0.34167   0.00000 T T   0.17728
   43   0.50000   0.35000   0.00000 T T   0.17658
   44   0.50000   0.35833   0.00000 T T   0.17584
   45   0.50000   0.36667   0.00000 T T   0.17507
   46   0.50000   0.37500   0.00000 T T   0.17427
   47   0.50000   0.38333   0.00000 T T   0.17346
   48   0.50000   0.39167   0.00000 T T   0.17268
   49   0.50000   0.40000   0.00000 T T   0.17195
   50   0.50000   0.40833   0.00000 T T   0.17131
   51   0.50000   0.41667   0.00000 T T   0.17077
   52   0.50000   0.42500   0.00000 T T   0.17034
   53   0.50000   0.43333   0.00000 T T   0.17002
   54   0.50000   0.44167   0.00000 T T   0.16986
   55   0.50000   0.45000   0.00000 T T   0.16988
   56   0.50000   0.45833   0.00000 T T   0.17017
   57   0.50000   0.46667   0.00000 T T   0.17081
   58   0.50000   0.47500   0.00000 T T   0.17191
   59   0.50000   0.48333   0.00000 T T   0.17351
   60   0.50000   0.49167   0.00000 T T   0.17549
   61   0.50000   0.50000   0.00000 T T   0.17754
 Wcc integration max_diff, Nk_adaptive  2.197680316839978E-006         128
 Wcc integration max_diff, Nk_adaptive  5.964434774614880E-002          64
 Wcc integration max_diff, Nk_adaptive  6.297203170841215E-002          64
 Wcc integration max_diff, Nk_adaptive  4.484171791929725E-005         128
 Wcc integration max_diff, Nk_adaptive  4.332607763224416E-005         128
 Wcc integration max_diff, Nk_adaptive  4.196090084640502E-005         128
 Wcc integration max_diff, Nk_adaptive  3.816881997309451E-005         128
 Wcc integration max_diff, Nk_adaptive  3.066362707393466E-005         128
 Wcc integration max_diff, Nk_adaptive  3.766636007069479E-002          64
 Wcc integration max_diff, Nk_adaptive  2.539533058041066E-002          64
 Wcc integration max_diff, Nk_adaptive  1.701050556995654E-002          64
 Wcc integration max_diff, Nk_adaptive  1.223430075233800E-002          64
 Wcc integration max_diff, Nk_adaptive  9.679621581749842E-003          64
 Wcc integration max_diff, Nk_adaptive  8.429886677763676E-003          64
 Wcc integration max_diff, Nk_adaptive  7.862612069299502E-003          64
 Wcc integration max_diff, Nk_adaptive  7.150060794241853E-003          64
 Wcc integration max_diff, Nk_adaptive  5.709500512798726E-003          64
 Wcc integration max_diff, Nk_adaptive  4.717671071261975E-003          64
 Wcc integration max_diff, Nk_adaptive  4.476769919241619E-003          64
 Wcc integration max_diff, Nk_adaptive  3.423019200340605E-003          64
 Wcc integration max_diff, Nk_adaptive  1.772915100985983E-003          64
 Wcc integration max_diff, Nk_adaptive  8.248582872258936E-004          64
 Wcc integration max_diff, Nk_adaptive  1.593372082295375E-003          64
 Wcc integration max_diff, Nk_adaptive  2.896072696088936E-003          64
 Wcc integration max_diff, Nk_adaptive  3.481611376349392E-003          64
 Wcc integration max_diff, Nk_adaptive  3.622714306525054E-003          64
 Wcc integration max_diff, Nk_adaptive  3.496391075859862E-003          64
 Wcc integration max_diff, Nk_adaptive  3.216298856237643E-003          64
 Wcc integration max_diff, Nk_adaptive  2.857977791547839E-003          64
 Wcc integration max_diff, Nk_adaptive  2.474276062732983E-003          64
 Wcc integration max_diff, Nk_adaptive  2.100850353937034E-003          64
 Wcc iter:           1
    1   0.00000   0.00000   0.00000 T T   0.09210
    2   0.00833   0.00000   0.00000 T T   0.08334
    3   0.01667   0.00000   0.00000 T T   0.07400
    4   0.02500   0.00000   0.00000 T T   0.06412
    5   0.03333   0.00000   0.00000 T T   0.07352
    6   0.04167   0.00000   0.00000 T T   0.08979
    7   0.05000   0.00000   0.00000 T T   0.10306
    8   0.05833   0.00000   0.00000 T T   0.11354
    9   0.06667   0.00000   0.00000 T T   0.12185
   10   0.07500   0.00000   0.00000 T T   0.12864
   11   0.08333   0.00000   0.00000 T T   0.13449
   12   0.09167   0.00000   0.00000 T T   0.13985
   13   0.10000   0.00000   0.00000 T T   0.14499
   14   0.10833   0.00000   0.00000 T T   0.14998
   15   0.11667   0.00000   0.00000 T T   0.15458
   16   0.12500   0.00000   0.00000 T T   0.15867
   17   0.13333   0.00000   0.00000 T T   0.16211
   18   0.14167   0.00000   0.00000 T T   0.16492
   19   0.15000   0.00000   0.00000 T T   0.16719
   20   0.15833   0.00000   0.00000 T T   0.16905
   21   0.16667   0.00000   0.00000 T T   0.17059
   22   0.17500   0.00000   0.00000 T T   0.17190
   23   0.18333   0.00000   0.00000 T T   0.17303
   24   0.19167   0.00000   0.00000 T T   0.17405
   25   0.20000   0.00000   0.00000 T T   0.17497
   26   0.20833   0.00000   0.00000 T T   0.17583
   27   0.21667   0.00000   0.00000 T T   0.17666
   28   0.22500   0.00000   0.00000 T T   0.17746
   29   0.23333   0.00000   0.00000 T T   0.17823
   30   0.24167   0.00000   0.00000 T T   0.17898
   31   0.25000   0.00000   0.00000 T T   0.17967
   32   0.25833   0.00000   0.00000 T T   0.18023
   33   0.26667   0.00000   0.00000 T T   0.18054
   34   0.27500   0.00000   0.00000 T T   0.18043
   35   0.28333   0.00000   0.00000 T T   0.17981
   36   0.29167   0.00000   0.00000 T T   0.17873
   37   0.30000   0.00000   0.00000 T T   0.17750
   38   0.30833   0.00000   0.00000 T T   0.17636
   39   0.31667   0.00000   0.00000 T T   0.17545
   40   0.32500   0.00000   0.00000 T T   0.17480
   41   0.33333   0.00000   0.00000 T T   0.17439
   42   0.34167   0.00000   0.00000 T T   0.17418
   43   0.35000   0.00000   0.00000 T T   0.17414
   44   0.35833   0.00000   0.00000 T T   0.17422
   45   0.36667   0.00000   0.00000 T T   0.17439
   46   0.37500   0.00000   0.00000 T T   0.17462
   47   0.38333   0.00000   0.00000 T T   0.17489
   48   0.39167   0.00000   0.00000 T T   0.17519
   49   0.40000   0.00000   0.00000 T T   0.17549
   50   0.40833   0.00000   0.00000 T T   0.17580
   51   0.41667   0.00000   0.00000 T T   0.17609
   52   0.42500   0.00000   0.00000 T T   0.17636
   53   0.43333   0.00000   0.00000 T T   0.17661
   54   0.44167   0.00000   0.00000 T T   0.17684
   55   0.45000   0.00000   0.00000 T T   0.17704
   56   0.45833   0.00000   0.00000 T T   0.17721
   57   0.46667   0.00000   0.00000 T T   0.17735
   58   0.47500   0.00000   0.00000 T T   0.17746
   59   0.48333   0.00000   0.00000 T T   0.17754
   60   0.49167   0.00000   0.00000 T T   0.17759
   61   0.50000   0.00000   0.00000 T T   0.17762
 Wcc integration max_diff, Nk_adaptive  1.766872967579047E-005         128
 Wcc integration max_diff, Nk_adaptive  6.628172393449816E-003          64
 Wcc integration max_diff, Nk_adaptive  4.475711810476568E-003          64
 Wcc integration max_diff, Nk_adaptive  1.554496031587860E-003          64
 Wcc integration max_diff, Nk_adaptive  7.915402477269851E-004          64
 Wcc integration max_diff, Nk_adaptive  3.611070703955832E-003          64
 Wcc integration max_diff, Nk_adaptive  5.673630875786984E-003          64
 Wcc integration max_diff, Nk_adaptive  7.095585630001011E-003          64
 Wcc integration max_diff, Nk_adaptive  7.418003249766159E-003          64
 Wcc integration max_diff, Nk_adaptive  6.843783440999118E-003          64
 Wcc integration max_diff, Nk_adaptive  6.261383867830261E-003          64
 Wcc integration max_diff, Nk_adaptive  5.854108900742006E-003          64
 Wcc integration max_diff, Nk_adaptive  5.232408799914268E-003          64
 Wcc integration max_diff, Nk_adaptive  4.302092427499460E-003          64
 Wcc integration max_diff, Nk_adaptive  3.162982963088368E-003          64
 Wcc integration max_diff, Nk_adaptive  1.695204725979949E-003          64
 Wcc integration max_diff, Nk_adaptive  1.213706280349669E-004          64
 Wcc integration max_diff, Nk_adaptive  8.104651626226200E-004          64
 Wcc integration max_diff, Nk_adaptive  1.341854573627899E-003          64
 Wcc integration max_diff, Nk_adaptive  1.753912402971736E-003          64
 Wcc integration max_diff, Nk_adaptive  2.065874309709059E-003          64
 Wcc integration max_diff, Nk_adaptive  2.290535116243220E-003          64
 Wcc integration max_diff, Nk_adaptive  2.521423810723178E-003          64
 Wcc integration max_diff, Nk_adaptive  2.684150289391951E-003          64
 Wcc integration max_diff, Nk_adaptive  2.515689327678317E-003          64
 Wcc integration max_diff, Nk_adaptive  1.981168258771149E-003          64
 Wcc integration max_diff, Nk_adaptive  1.247653737332044E-003          64
 Wcc integration max_diff, Nk_adaptive  4.171505703691736E-004          64
 Wcc integration max_diff, Nk_adaptive  4.646892807569358E-003          64
 Wcc integration max_diff, Nk_adaptive  1.345253086531173E-002          64
 Wcc integration max_diff, Nk_adaptive  2.015448237184003E-002          64
 Wcc iter:           1
    1   0.00000   0.50000   0.00000 T T   0.17761
    2   0.00833   0.50000   0.00000 T T   0.17558
    3   0.01667   0.50000   0.00000 T T   0.17363
    4   0.02500   0.50000   0.00000 T T   0.17205
    5   0.03333   0.50000   0.00000 T T   0.17096
    6   0.04167   0.50000   0.00000 T T   0.17032
    7   0.05000   0.50000   0.00000 T T   0.17003
    8   0.05833   0.50000   0.00000 T T   0.17000
    9   0.06667   0.50000   0.00000 T T   0.17016
   10   0.07500   0.50000   0.00000 T T   0.17046
   11   0.08333   0.50000   0.00000 T T   0.17088
   12   0.09167   0.50000   0.00000 T T   0.17140
   13   0.10000   0.50000   0.00000 T T   0.17202
   14   0.10833   0.50000   0.00000 T T   0.17270
   15   0.11667   0.50000   0.00000 T T   0.17343
   16   0.12500   0.50000   0.00000 T T   0.17418
   17   0.13333   0.50000   0.00000 T T   0.17491
   18   0.14167   0.50000   0.00000 T T   0.17562
   19   0.15000   0.50000   0.00000 T T   0.17628
   20   0.15833   0.50000   0.00000 T T   0.17692
   21   0.16667   0.50000   0.00000 T T   0.17754
   22   0.17500   0.50000   0.00000 T T   0.17814
   23   0.18333   0.50000   0.00000 T T   0.17871
   24   0.19167   0.50000   0.00000 T T   0.17925
   25   0.20000   0.50000   0.00000 T T   0.17976
   26   0.20833   0.50000   0.00000 T T   0.18021
   27   0.21667   0.50000   0.00000 T T   0.18062
   28   0.22500   0.50000   0.00000 T T   0.18096
   29   0.23333   0.50000   0.00000 T T   0.18125
   30   0.24167   0.50000   0.00000 T T   0.18146
   31   0.25000   0.50000   0.00000 T T   0.18159
   32   0.25833   0.50000   0.00000 T T   0.18161
   33   0.26667   0.50000   0.00000 T T   0.18152
   34   0.27500   0.50000   0.00000 T T   0.18132
   35   0.28333   0.50000   0.00000 T T   0.18104
   36   0.29167   0.50000   0.00000 T T   0.18067
   37   0.30000   0.50000   0.00000 T T   0.18024
   38   0.30833   0.50000   0.00000 T T   0.17974
   39   0.31667   0.50000   0.00000 T T   0.17918
   40   0.32500   0.50000   0.00000 T T   0.17859
   41   0.33333   0.50000   0.00000 T T   0.17795
   42   0.34167   0.50000   0.00000 T T   0.17728
   43   0.35000   0.50000   0.00000 T T   0.17658
   44   0.35833   0.50000   0.00000 T T   0.17584
   45   0.36667   0.50000   0.00000 T T   0.17507
   46   0.37500   0.50000   0.00000 T T   0.17427
   47   0.38333   0.50000   0.00000 T T   0.17346
   48   0.39167   0.50000   0.00000 T T   0.17268
   49   0.40000   0.50000   0.00000 T T   0.17196
   50   0.40833   0.50000   0.00000 T T   0.17131
   51   0.41667   0.50000   0.00000 T T   0.17077
   52   0.42500   0.50000   0.00000 T T   0.17034
   53   0.43333   0.50000   0.00000 T T   0.17002
   54   0.44167   0.50000   0.00000 T T   0.16986
   55   0.45000   0.50000   0.00000 T T   0.16988
   56   0.45833   0.50000   0.00000 T T   0.17017
   57   0.46667   0.50000   0.00000 T T   0.17081
   58   0.47500   0.50000   0.00000 T T   0.17191
   59   0.48333   0.50000   0.00000 T T   0.17350
   60   0.49167   0.50000   0.00000 T T   0.17549
   61   0.50000   0.50000   0.00000 T T   0.17754
 Wcc integration max_diff, Nk_adaptive  2.642818048652629E-004         128
 Wcc integration max_diff, Nk_adaptive  2.664809690973158E-004         128
 Wcc integration max_diff, Nk_adaptive  3.952732107422108E-002          64
 Wcc integration max_diff, Nk_adaptive  3.880172238045176E-002          64
 Wcc integration max_diff, Nk_adaptive  2.149551196826138E-004         128
 Wcc integration max_diff, Nk_adaptive  3.568704428379021E-002          64
 Wcc integration max_diff, Nk_adaptive  2.365873099197735E-002          64
 Wcc integration max_diff, Nk_adaptive  1.874976752292135E-002          64
 Wcc integration max_diff, Nk_adaptive  1.524335473433958E-002          64
 Wcc integration max_diff, Nk_adaptive  1.217731840603165E-002          64
 Wcc integration max_diff, Nk_adaptive  9.353084408234125E-003          64
 Wcc integration max_diff, Nk_adaptive  6.851290873532534E-003          64
 Wcc integration max_diff, Nk_adaptive  4.714578569961603E-003          64
 Wcc integration max_diff, Nk_adaptive  3.323483235428526E-003          64
 Wcc integration max_diff, Nk_adaptive  2.808353709031763E-003          64
 Wcc integration max_diff, Nk_adaptive  2.025632611518446E-003          64
 Wcc integration max_diff, Nk_adaptive  2.136555948053953E-003          64
 Wcc integration max_diff, Nk_adaptive  1.942560474390120E-003          64
 Wcc integration max_diff, Nk_adaptive  1.665838115181728E-003          64
 Wcc integration max_diff, Nk_adaptive  1.422684655745243E-003          64
 Wcc integration max_diff, Nk_adaptive  1.387314592534494E-003          64
 Wcc integration max_diff, Nk_adaptive  1.600336032513638E-003          64
 Wcc integration max_diff, Nk_adaptive  1.804110138467152E-003          64
 Wcc integration max_diff, Nk_adaptive  1.983733722441983E-003          64
 Wcc integration max_diff, Nk_adaptive  2.078724643167718E-003          64
 Wcc integration max_diff, Nk_adaptive  2.033213604448747E-003          64
 Wcc integration max_diff, Nk_adaptive  2.210764423441702E-003          64
 Wcc integration max_diff, Nk_adaptive  2.901989300323038E-003          64
 Wcc integration max_diff, Nk_adaptive  3.671992308774463E-003          64
 Wcc integration max_diff, Nk_adaptive  4.273439770676291E-003          64
 Wcc integration max_diff, Nk_adaptive  4.647591843527366E-003          64
 Wcc iter:           1
    1   0.00000   0.00000   0.00000 T T   0.07754
    2   0.00000   0.00833   0.00000 T T   0.07283
    3   0.00000   0.01667   0.00000 T T   0.06714
    4   0.00000   0.02500   0.00000 T T   0.06051
    5   0.00000   0.03333   0.00000 T T   0.05332
    6   0.00000   0.04167   0.00000 T T   0.04616
    7   0.00000   0.05000   0.00000 T T   0.04720
    8   0.00000   0.05833   0.00000 T T   0.05314
    9   0.00000   0.06667   0.00000 T T   0.05818
   10   0.00000   0.07500   0.00000 T T   0.06234
   11   0.00000   0.08333   0.00000 T T   0.06591
   12   0.00000   0.09167   0.00000 T T   0.06881
   13   0.00000   0.10000   0.00000 T T   0.07126
   14   0.00000   0.10833   0.00000 T T   0.07333
   15   0.00000   0.11667   0.00000 T T   0.07509
   16   0.00000   0.12500   0.00000 T T   0.07657
   17   0.00000   0.13333   0.00000 T T   0.07781
   18   0.00000   0.14167   0.00000 T T   0.07884
   19   0.00000   0.15000   0.00000 T T   0.07970
   20   0.00000   0.15833   0.00000 T T   0.08039
   21   0.00000   0.16667   0.00000 T T   0.08093
   22   0.00000   0.17500   0.00000 T T   0.08135
   23   0.00000   0.18333   0.00000 T T   0.08165
   24   0.00000   0.19167   0.00000 T T   0.08184
   25   0.00000   0.20000   0.00000 T T   0.08192
   26   0.00000   0.20833   0.00000 T T   0.08191
   27   0.00000   0.21667   0.00000 T T   0.08182
   28   0.00000   0.22500   0.00000 T T   0.08169
   29   0.00000   0.23333   0.00000 T T   0.08152
   30   0.00000   0.24167   0.00000 T T   0.08133
   31   0.00000   0.25000   0.00000 T T   0.08113
   32   0.00000   0.25833   0.00000 T T   0.08094
   33   0.00000   0.26667   0.00000 T T   0.08074
   34   0.00000   0.27500   0.00000 T T   0.08054
   35   0.00000   0.28333   0.00000 T T   0.08035
   36   0.00000   0.29167   0.00000 T T   0.08017
   37   0.00000   0.30000   0.00000 T T   0.07999
   38   0.00000   0.30833   0.00000 T T   0.07982
   39   0.00000   0.31667   0.00000 T T   0.07965
   40   0.00000   0.32500   0.00000 T T   0.07949
   41   0.00000   0.33333   0.00000 T T   0.07933
   42   0.00000   0.34167   0.00000 T T   0.07918
   43   0.00000   0.35000   0.00000 T T   0.07903
   44   0.00000   0.35833   0.00000 T T   0.07888
   45   0.00000   0.36667   0.00000 T T   0.07875
   46   0.00000   0.37500   0.00000 T T   0.07863
   47   0.00000   0.38333   0.00000 T T   0.07852
   48   0.00000   0.39167   0.00000 T T   0.07843
   49   0.00000   0.40000   0.00000 T T   0.07837
   50   0.00000   0.40833   0.00000 T T   0.07833
   51   0.00000   0.41667   0.00000 T T   0.07832
   52   0.00000   0.42500   0.00000 T T   0.07835
   53   0.00000   0.43333   0.00000 T T   0.07842
   54   0.00000   0.44167   0.00000 T T   0.07854
   55   0.00000   0.45000   0.00000 T T   0.07871
   56   0.00000   0.45833   0.00000 T T   0.07892
   57   0.00000   0.46667   0.00000 T T   0.07918
   58   0.00000   0.47500   0.00000 T T   0.07948
   59   0.00000   0.48333   0.00000 T T   0.07982
   60   0.00000   0.49167   0.00000 T T   0.08019
   61   0.00000   0.50000   0.00000 T T   0.08058
 Wcc integration max_diff, Nk_adaptive  1.372851787664331E-004         128
 Wcc integration max_diff, Nk_adaptive  2.461853971907324E-002          64
 Wcc integration max_diff, Nk_adaptive  1.183655921477644E-002          64
 Wcc integration max_diff, Nk_adaptive  3.026446979660591E-003          64
 Wcc integration max_diff, Nk_adaptive  2.401450997506771E-003          64
 Wcc integration max_diff, Nk_adaptive  4.065905753829924E-003          64
 Wcc integration max_diff, Nk_adaptive  4.967355601078083E-003          64
 Wcc integration max_diff, Nk_adaptive  8.567245302327109E-003          64
 Wcc integration max_diff, Nk_adaptive  9.790121843394672E-003          64
 Wcc integration max_diff, Nk_adaptive  6.664312405870731E-003          64
 Wcc integration max_diff, Nk_adaptive  6.581761895377625E-003          64
 Wcc integration max_diff, Nk_adaptive  4.597068281650962E-003          64
 Wcc integration max_diff, Nk_adaptive  3.958805363488693E-003          64
 Wcc integration max_diff, Nk_adaptive  3.418336231035823E-003          64
 Wcc integration max_diff, Nk_adaptive  3.773607266303713E-003          64
 Wcc integration max_diff, Nk_adaptive  3.056366327399473E-003          64
 Wcc integration max_diff, Nk_adaptive  2.841200848031633E-003          64
 Wcc integration max_diff, Nk_adaptive  3.090671601034600E-003          64
 Wcc integration max_diff, Nk_adaptive  4.291135893256026E-003          64
 Wcc integration max_diff, Nk_adaptive  3.373416031458021E-003          64
 Wcc integration max_diff, Nk_adaptive  3.817009499492485E-003          64
 Wcc integration max_diff, Nk_adaptive  4.972525692430452E-003          64
 Wcc integration max_diff, Nk_adaptive  5.301083393721484E-003          64
 Wcc integration max_diff, Nk_adaptive  5.058763132074873E-003          64
 Wcc integration max_diff, Nk_adaptive  4.767915506690201E-003          64
 Wcc integration max_diff, Nk_adaptive  4.670182413105906E-003          64
 Wcc integration max_diff, Nk_adaptive  4.793194957157354E-003          64
 Wcc integration max_diff, Nk_adaptive  5.055647008026298E-003          64
 Wcc integration max_diff, Nk_adaptive  5.356298172815244E-003          64
 Wcc integration max_diff, Nk_adaptive  5.619258298285246E-003          64
 Wcc integration max_diff, Nk_adaptive  5.800363335538350E-003          64
 Wcc iter:           1
    1   0.00000   0.00000   0.50000 T T   0.08776
    2   0.00000   0.00833   0.50000 T T   0.08611
    3   0.00000   0.01667   0.50000 T T   0.08454
    4   0.00000   0.02500   0.50000 T T   0.08324
    5   0.00000   0.03333   0.50000 T T   0.08233
    6   0.00000   0.04167   0.50000 T T   0.08169
    7   0.00000   0.05000   0.50000 T T   0.08118
    8   0.00000   0.05833   0.50000 T T   0.08073
    9   0.00000   0.06667   0.50000 T T   0.08031
   10   0.00000   0.07500   0.50000 T T   0.07992
   11   0.00000   0.08333   0.50000 T T   0.07959
   12   0.00000   0.09167   0.50000 T T   0.07939
   13   0.00000   0.10000   0.50000 T T   0.07940
   14   0.00000   0.10833   0.50000 T T   0.07968
   15   0.00000   0.11667   0.50000 T T   0.08029
   16   0.00000   0.12500   0.50000 T T   0.08116
   17   0.00000   0.13333   0.50000 T T   0.08144
   18   0.00000   0.14167   0.50000 T T   0.08038
   19   0.00000   0.15000   0.50000 T T   0.07874
   20   0.00000   0.15833   0.50000 T T   0.07692
   21   0.00000   0.16667   0.50000 T T   0.07531
   22   0.00000   0.17500   0.50000 T T   0.07407
   23   0.00000   0.18333   0.50000 T T   0.07322
   24   0.00000   0.19167   0.50000 T T   0.07270
   25   0.00000   0.20000   0.50000 T T   0.07243
   26   0.00000   0.20833   0.50000 T T   0.07235
   27   0.00000   0.21667   0.50000 T T   0.07239
   28   0.00000   0.22500   0.50000 T T   0.07250
   29   0.00000   0.23333   0.50000 T T   0.07262
   30   0.00000   0.24167   0.50000 T T   0.07272
   31   0.00000   0.25000   0.50000 T T   0.07275
   32   0.00000   0.25833   0.50000 T T   0.07267
   33   0.00000   0.26667   0.50000 T T   0.07247
   34   0.00000   0.27500   0.50000 T T   0.07214
   35   0.00000   0.28333   0.50000 T T   0.07173
   36   0.00000   0.29167   0.50000 T T   0.07132
   37   0.00000   0.30000   0.50000 T T   0.07100
   38   0.00000   0.30833   0.50000 T T   0.07084
   39   0.00000   0.31667   0.50000 T T   0.07086
   40   0.00000   0.32500   0.50000 T T   0.07104
   41   0.00000   0.33333   0.50000 T T   0.07136
   42   0.00000   0.34167   0.50000 T T   0.07176
   43   0.00000   0.35000   0.50000 T T   0.07221
   44   0.00000   0.35833   0.50000 T T   0.07268
   45   0.00000   0.36667   0.50000 T T   0.07315
   46   0.00000   0.37500   0.50000 T T   0.07362
   47   0.00000   0.38333   0.50000 T T   0.07407
   48   0.00000   0.39167   0.50000 T T   0.07451
   49   0.00000   0.40000   0.50000 T T   0.07494
   50   0.00000   0.40833   0.50000 T T   0.07537
   51   0.00000   0.41667   0.50000 T T   0.07581
   52   0.00000   0.42500   0.50000 T T   0.07625
   53   0.00000   0.43333   0.50000 T T   0.07670
   54   0.00000   0.44167   0.50000 T T   0.07717
   55   0.00000   0.45000   0.50000 T T   0.07765
   56   0.00000   0.45833   0.50000 T T   0.07814
   57   0.00000   0.46667   0.50000 T T   0.07865
   58   0.00000   0.47500   0.50000 T T   0.07916
   59   0.00000   0.48333   0.50000 T T   0.07969
   60   0.00000   0.49167   0.50000 T T   0.08022
   61   0.00000   0.50000   0.50000 T T   0.08076
 # z2 number for 6 planes
 k1=0.0, k2-k3 plane:            1
 k1=0.5, k2-k3 plane:            0
 k2=0.0, k1-k3 plane:            1
 k2=0.5, k1-k3 plane:            0
 k3=0.0, k1-k2 plane:            1
 k3=0.5, k1-k2 plane:            0
 Time cost for Z2_calc is about           10.761 s
 << End of calculating Z2 number for the bulk
  
 >> Start of calculating the surface state
 SurfaceSS, ik           1 Nk         122 time left  0.000000000000000E+000  s
 SurfaceSS, ik          21 Nk         122 time left   3.58549999981187       s
 SurfaceSS, ik          41 Nk         122 time left   2.95650000016030       s
 SurfaceSS, ik          61 Nk         122 time left   2.53150000040478       s
 SurfaceSS, ik          81 Nk         122 time left   1.74249999983294       s
 SurfaceSS, ik         101 Nk         122 time left   1.02899999998044       s
 SurfaceSS, ik         121 Nk         122 time left  4.299999999057036E-002  s
 ndim          30
 knv2,omeganum,eta         122         201  1.641791044776119E-002
 calculate density of state successfully
 Time cost for SlabSS_calc is about           18.847 s
 End of calculating the surface state
  
 >> Start of calculating the surface arc
 Arc, ik            1 Nk        3721 time left  0.000000000000000E+000  s
 Arc, ik          201 Nk        3721 time left   1.75999998115003       s
 Arc, ik          401 Nk        3721 time left   1.65999998222105       s
 Arc, ik          601 Nk        3721 time left   1.56000002869405       s
 Arc, ik          801 Nk        3721 time left   1.46000002685469       s
 Arc, ik         1001 Nk        3721 time left   2.71999997086823       s
 Arc, ik         1201 Nk        3721 time left   1.25999998650514       s
 Arc, ik         1401 Nk        3721 time left   1.15999998757616       s
 Arc, ik         1601 Nk        3721 time left   1.05999998864718       s
 Arc, ik         1801 Nk        3721 time left  0.959999989718199       s
 Arc, ik         2001 Nk        3721 time left  0.859999990789220       s
 Arc, ik         2201 Nk        3721 time left  0.760000013979152       s
 Arc, ik         2401 Nk        3721 time left   1.31999998586252       s
 Arc, ik         2601 Nk        3721 time left  0.560000010300428       s
 Arc, ik         2801 Nk        3721 time left  0.459999995073304       s
 Arc, ik         3001 Nk        3721 time left  0.359999996144325       s
 Arc, ik         3201 Nk        3721 time left  0.260000004782341       s
 Arc, ik         3401 Nk        3721 time left  0.159999998286366       s
 Arc, ik         3601 Nk        3721 time left  5.999999935738742E-002  s
 Ndim:           30
 Nk1,Nk2,eta:           61          61  3.674932385837766E-005
 Calculated surface density of state successfully
 calculate spintexture successfully
 Time cost for SlabArc is about            3.483 s
 End of calculating the surface arc
  
 >> Start of calculating the spin texture for surface
 Arc, ik            1 Nk        3721 time left  0.000000000000000E+000  s
 Arc, ik          201 Nk        3721 time left   1.75999998115003       s
 Arc, ik          401 Nk        3721 time left   3.31999996444210       s
 Arc, ik          601 Nk        3721 time left   1.56000002869405       s
 Arc, ik          801 Nk        3721 time left   1.46000002685469       s
 Arc, ik         1001 Nk        3721 time left   1.36000002501532       s
 Arc, ik         1201 Nk        3721 time left   1.25999998650514       s
 Arc, ik         1401 Nk        3721 time left   1.15999998757616       s
 Arc, ik         1601 Nk        3721 time left   1.05999998864718       s
 Arc, ik         1801 Nk        3721 time left  0.959999989718199       s
 Arc, ik         2001 Nk        3721 time left  0.859999990789220       s
 Arc, ik         2201 Nk        3721 time left  0.759999991860241       s
 Arc, ik         2401 Nk        3721 time left  0.659999992931262       s
 Arc, ik         2601 Nk        3721 time left  0.559999994002283       s
 Arc, ik         2801 Nk        3721 time left  0.460000008461066       s
 Arc, ik         3001 Nk        3721 time left  0.359999996144325       s
 Arc, ik         3201 Nk        3721 time left  0.259999997215346       s
 Arc, ik         3401 Nk        3721 time left  0.159999998286366       s
 Arc, ik         3601 Nk        3721 time left  6.000000110361725E-002  s
 Ndim:           30
 Nk1,Nk2,eta:           61          61  3.674932385837766E-005
 Calculated surface density of state successfully
 calculate spintexture successfully
 Time cost for SlabSpintexture is about            3.690 s
 End of calculating the spin texture for surface
  
 Time cost for whole program is about           42.537 s
  
  
  =======================================================================
  Congratulations! you finished the calculation.
  I hope you could find something useful from this calculation.
  If so, I would like to ask you to cite our this paper:
  
  WannierTools : An open-source software package for novel topological materials
  QuanSheng Wu and ShengNan Zhang and Hai-Feng Song and Matthias Troyer and Alexey A. Soluyanov
  Computer Physics Communications 224, 405 (2018)
  https://doi.org/10.1016/j.cpc.2017.09.033
  
  For bugs, please report to wuquansheng@gmail.com                   
  or wanniertools@groups.google.com.                 
  More information could find on www.wanniertools.com            
  See you next time :)
  =======================================================================
