 -----------------------------------------------------------------------
  W            W            W              TTTTTTTTTTTTTTTTTTTT         
   W          W W          W                        TT                  
    W        W   W        W                         TT                  
     W      W     W      W                          TT                  
      W    W       W    W                           TT                  
       W  W         W  W                            TT                  
        WW           WW                             TT                  
        W             W                             TT                  
                                                                        
                        Welcome to WannierTools.                       
                             Version 2.6.0     
                   Tools for novel topological materials.               
                          Enjoy it and good luck.                       
                           Author : QuanSheng Wu                        
                        Email : wuquansheng@gmail.com                   
               Find more information on www.wanniertools.com            
 =======================================================================
                                                                        
 You are using     1 CPU cores
  
   
 >>>Read some paramters from wt.in
 You are using : TB     model
 Tight-binding Hamiltonian FROM: Hr File
 Is_Sparse_Hr=  F
 Tight-binding Hamiltonian filename: Weyl3D_hr.dat            
 System of particle: electron                 
 Tight-binding Hamiltonian obtained from : VASP                     
   
 >>>Control parameters: 
 BulkBand_line_calc                :  F
 BulkBand_plane_calc               :  F
 Landaulevel_unfold_line_calc      :  F
 BulkBand_unfold_line_calc         :  F
 BulkBand_unfold_plane_calc        :  F
 QPI_unfold_plane_calc             :  F
 BulkFatBand_calc                  :  F
 BulkBand_cube_calc                :  F
 BulkFS_calc                       :  F
 BulkFS_Plane_calc                 :  F
 BulkFS_plane_stack_calc           :  F
 BulkGap_cube_calc                 :  F
 BulkGap_plane_calc                :  F
 SlabBand_calc                     :  F
 SlabBandWaveFunc_calc             :  F
 SlabSS_calc                       :  F
 SlabArc_calc                      :  F
 SlabSpintexture_calc              :  F
 wanniercenter_calc                :  T
 BerryPhase_calc                   :  F
 BerryCurvature_calc               :  F
 BerryCurvature_EF_calc            :  F
 BerryCurvature_kpath_EF_calc      :  F
 BerryCurvature_kpath_Occupied_calc:  F
 BerryCurvature_Cube_calc          :  F
 BerryCurvature_slab_calc          :  F
 Dos_calc                          :  F
 Z2_3D_calc                        :  F
 WeylChirality_calc                :  F
 NLChirality_calc                  :  F
 Chern_3D_calc                     :  F
 MirrorChern_calc                  :  F
 JDos_calc                         :  F
 FindNodes_calc                    :  F
 EffectiveMass_calc                :  F
 AHC_calc                          :  F
 Boltz_OHE_calc                    :  F
 Boltz_Berry_correction            :  F
 LOTO_correction                   :  F
 OrbitalTexture_calc               :  F
 OrbitalTexture_3D_calc            :  F
 LandauLevel_k_calc                :  F
 LandauLevel_B_calc                :  F
 LandauLevel_wavefunction_calc     :  F
 Fit_kp_calc                       :  F
 DMFT_MAG_calc                     :  F
 Translate_to_WS_calc              :  F
 LandauLevel_kplane_calc           :  F
 LandauLevel_k_dos_calc            :  F
 LandauLevel_B_dos_calc            :  F
 FermiLevel_calc                   :  F
 ChargeDensity_selected_bands_calc :  F
 ChargeDensity_selected_energies_calc :  F
   
 >>>System parameters: 
 NumSlabs :    10
 Nslab1 for ribbon  :     1
 Nslab2 for ribbon  :     1
 Number of Occupied bands:     1
 Number of total electrons:    1.000000
 With SOC or not in Hrfile:     1
 Fermi energy (eV) :        0.000000
 surf_onsite (eV):         0.000000
 Add_Zeeman_Field:  F
 Zeeman_energy_in_eV (eV):         0.000000
 Electric_field_in_eVpA (eV/Angstrom):         0.000000
 Symmetrical_Electric_field_in_eVpA (eV/Angstrom):         0.000000
 Inner_symmetrical_Electric_Field:  F
 ijmax :    10
   
 **Notes**: There are two ways to specify magnetic field.
 1. specify Bmagnitude, Btheta, Bphi
 2. specify Bx, By, Bz
 Bmagnitude, Bx, By, Bz are real numbers in unit of Tesla. and Bx, By, Bz 
 are in the cartesian coordinates. Btheta is the angle with z axial 
  and Bphi is the angle with respect to x axial in the x-y plane
  Btheta is in [0, 180], Bphi is in [0, 360).
 If you specify both of them together, we will choose the first one.
 If choose the first one, but not specify Btheta, Bphi, then 
 by default we set Btheta=0, Bphi=0 which means B is along z direction.
  
  Warning: You didn't specify the magnitude of magnetic field.
  
 >>You did not specified the magnitude of magnetic field, 
  and also didn't set Bx, By, Bz. So we will set the magnetic direction
  from the settings of Btheta, Bphi.
  If you even didn't set Btheta, Bphi, we will take the default value, 
  Btheta=0, Bphi=0 which means B is along z direction
 >>You didn't set Btheta, and we set it to 0.
 >>You didn't set Bphi, and we set it to 0.
 Bmagnitude (in Tesla) :        1.000000
 Btheta, Bphi :        0.000000        0.000000
 Bx, By, Bz (in Tesla) :        0.000000        0.000000        1.000000
 B direction cosines :        0.000000        0.000000        1.000000
   
 >>>calculation parameters : 
 E_arc :          0.00000
 Eta_arc :          0.00100
 Gap_threshold         0.01000
 OmegaMin :         -1.00000
 OmegaMax :          1.00000
 OmegaNum :    100
 OmegaNum_unfold :    200
 Nk1 :     60
 Nk2 :     60
 Nk3 :      1
 NP number of principle layers  :      2
 Tmin(Kelvin)  :        100.00000
 Tmax(Kelvin)  :        100.00000
 NumT  :      1
 NBTau  :      1
 Beta  :        100.00000
 Nslice_BTau_Max  :   5000
 BTauMax(Tesla.ps)         0.00000
 Relaxation_Time_Tau (ps)         1.00000
 Rcut    999999.00000
 Magp               1
 Magp_min               0
 Magp_max               1
 wcc_calc_tol         0.08000
 wcc_neighbour_tol         0.30000
 NumLCZVecs   400
 NumSelectedEigenVals     0
 NumRandomConfs:     1
 Projection weight mode:NORMAL              
 The size of magnetic supercell is Magq= :      10
  
 We found LATTICE card
>> lattice information (Angstrom)
           a           b           c       alpha        beta       gamma
    1.000000    1.000000    1.000000   47.625949   47.625949   47.625949
 Three Lattice vectors of the unfolded cell: 
    1.000000    0.000000    0.000000
    0.000000    1.000000    0.000000
    0.000000    0.000000    1.000000
>> Reciprocal lattice information (1/Angstrom)
           a           b           c       alpha        beta       gamma
    6.283185    6.283185    6.283185  170.075351  170.075351  170.075351
 Three reciprocal lattice vectors of the primitive cell: 
    6.283185    0.000000    0.000000
    0.000000    6.283185    0.000000
    0.000000    0.000000    6.283185
  
 We found ATOM_POSITIONS card
Origin_cell%Num_atoms    1
  
 Warning: You didn't specify the atom magnetic moment in the ATOMIC_POSITION car
 d Or the format is wrong. So we set all the Atom-magnetic-moments to zero.
 
>> Atom position and magnetic moment of Original lattice
                                         Catesian                  Fractional(Direct)         Magnetic moment
------------------------------------------------------------------------------------------------------------------
 index  Atom Name            x           y           z           a           b           c      Mx      My      Mz
------------------------------------------------------------------------------------------------------------------
     1  A             0.000000    0.000000    0.000000    0.000000    0.000000    0.000000   0.000   0.000   0.000
  
 We found PROJECTORS card
 >>Number of projectors per atoms:
     1
A       s       
  
 >> Wannier centers by default, in unit of unit lattice vectors
 iwann        R1        R2        R3         x         y         z
     1  0.000000  0.000000  0.000000  0.000000  0.000000  0.000000
     2  0.000000  0.000000  0.000000  0.000000  0.000000  0.000000
 We didn't found LATTICE_UNFOLD card, so it is the same as the unit cell.
>> Folded lattice information (Angstrom)
           a           b           c       alpha        beta       gamma
    1.000000    1.000000    1.000000   47.625949   47.625949   47.625949
 Three Lattice vectors of unfolded cell: 
    1.000000    0.000000    0.000000
    0.000000    1.000000    0.000000
    0.000000    0.000000    1.000000
>> Folded Reciprocal lattice information (1/Angstrom)
           a           b           c       alpha        beta       gamma
    6.283185    6.283185    6.283185  170.075351  170.075351  170.075351
 Three reciprocal lattice vectors of unfolded cell: 
    6.283185    0.000000    0.000000
    0.000000    6.283185    0.000000
    0.000000    0.000000    6.283185
 
>> The relation between the original lattice and the unfolded lattice
>> The cell volume ratio is:     1.000000
>> The lattice constant a ratio is:     1.000000
>> The lattice constant b ratio is:     1.000000
>> The lattice constant c ratio is:     1.000000
>> Origin_cell in unit of Folded_cell: R1      1.000000    0.000000    0.000000
>> Origin_cell in unit of Folded_cell: R2      0.000000    1.000000    0.000000
>> Origin_cell in unit of Folded_cell: R3      0.000000    0.000000    1.000000
 
 
>>> Atom position and magnetic moment of Unfolded lattice
                                    Catesian(Ang)                  Fractional(Direct)         Magnetic moment
------------------------------------------------------------------------------------------------------------------
 index  Atom Name            x           y           z           a           b           c      Mx      My      Mz
------------------------------------------------------------------------------------------------------------------
     1  A             0.000000    0.000000    0.000000    0.000000    0.000000    0.000000   0.000   0.000   0.000
  
 We found SURFACE card
 
>> new vectors to define the surface (in unit of lattice vector)
 The 1st vector on surface     :    0.000000    0.000000    1.000000
 The 2nd vector on surface     :    1.000000    0.000000    0.000000
 The 3rd vector out of surface :    0.000000    1.000000    0.000000
  
 The rotated new unit cell in cartesian coordinates : 
    0.000000    0.000000    1.889726
    1.889726    0.000000    0.000000
    0.000000    1.889726    0.000000
New cell's Volume is            1.00000Ang^3
  
 Fractional coordinates of atoms in units of new lattice vectors : 
A       0.000000    0.000000    0.000000
  
 
 >> Top surface atom is      1 A         
 
 2D Primitive Cell_Volume:    1.00000000000000     
 Ra2, Rb2
    1.0000    0.0000
    0.0000    1.0000
 Ka2, Kb2
    1.7595    0.0000
    0.0000    1.7595
>> lattice information of the magnetic supercell (Angstrom)
    0.000000    0.000000    1.000000
    1.000000    0.000000    0.000000
    0.000000   10.000000    0.000000
>> Reciprocal lattice information of the magnetic supercell (1/Angstrom)
    0.000000    0.000000    6.283185
    6.283185    0.000000    0.000000
    0.000000    0.628319    0.000000
  
3D Primitive Origin_cell%CellVolume:       1.00000000 in Angstrom^3
3D Magnetic supercell Volume:      10.00000000 in Angstrom^3
Projected area of magnetic supercell normal to the first vector specifed in SURFACE card:      35.71064826 in Angstrom^2
 >> Kpoints plane for 2D system--> arcs  
K2D_start: -0.5000 -0.5000
The first vector:   1.0000  0.0000
The second vector:   0.0000  1.0000
  
 We found KPLANE_BULK card
 >> Kpoints plane for 3D system--> gapshape  
k3D_start :   0.0000  0.0000  0.0000
The 1st vector:   0.0000  1.0000  0.0000
The 2nd vector:   1.0000  0.0000  0.0000
 >> Kpoints cube for 3D system--> gapshape3D  
k3D_start :  0.0000  0.0000  0.0000
The 1st vector:   1.0000  0.0000  0.0000
The 2nd vector:   0.0000  1.0000  0.0000
The 3rd vector:   0.0000  0.0000  1.0000
kCubeVolume: 248.0502
ReciprocalOrigin_cell%CellVolume: 248.0502
  
  
 >> Using default parameters for Kpoint_3D
>> k points  0.0000 0.0000 0.0000 in unit of reciprocal primitive cell
>> k points  0.0000 0.0000 0.0000 in Cartesian coordinates
  
 >> Using default parameters for effective mass calculation
 >> Effective mass calculation parameters  
>> The     1'th band
>> k step  0.0100 in unit of 1/Angstrom
>> k points  0.0000 0.0000 0.0000 in unit of reciprocal primitive cell
>> k points  0.0000 0.0000 0.0000 in unit of 1/Angstrom
  
 >> We use the default values for k3points_pointmode_direct=[0,0,0]
 >> and Nk3_point_mode = 1
  
 >> We use the default values for k3points_unfold_pointmode_direct=[0,0,0]
 >> and Nk3_unfold_point_mode = 1
  
 >> We use the default values for Single_KPOINT_2D_DIRECT=[0,0]
  
 >> We use the default values for Single_KPOINT_3D_DIRECT=[0,0,0]
 >> Output all atoms weight for surface state spectrum
 > NtopAtoms            1
> TopAtoms 
     1
> NbottomAtoms          1
> BottomAtoms 
     1
 > NtopOrbitals            2
> TopOrbitals 
     1     2
> NBottomOrbitals    2
> BottomOrbitals 
     1     2
  
 >> We do not calculate chirality for nodal lines
  
 >> We do not calculate chirality for weyl points
  
>> There are    1 groups of SelectedAtoms
Group :   1
>> Number of atoms selected         1
>> Selected atoms are
    1  A         
  
>> There are   1 groups of SelectedOrbitals
 >> SelectedOrbitals
>> Number of orbitals selected (including spin degenarcy)         2
>> Orbitals are
       1       2
  
 >> SELECTED_OCCUPIED_BANDS
>> Number of Occupied bands selected          1
>> OccupiedBand indices are
     1
  
  
 >> SELECTEDBANDS
>> Number of bands selected          2
>> Band indices are
     1     2
  
 <<<Read wt.in file successfully
 
  File Weyl3D_hr.dat exist, We are using HmnR from wannier90
 >> Num_wann           2
 >> NRPTS           7
  >> Begin to read Hmn_R.data
  
 
  Note: This is not a 2D system or E=0, so we can't add electric field.
 
  << Read Hmn_R.data successfully
  
 >> Start of calculating the Wilson loop
 Wcc integration max_diff, Nk_adaptive  0.000000000000000E+000         128
 Wcc integration max_diff, Nk_adaptive  4.926880957733992E-002          64
 Wcc integration max_diff, Nk_adaptive  4.838857621865955E-002          64
 Wcc integration max_diff, Nk_adaptive  4.682473301894419E-002          64
 Wcc integration max_diff, Nk_adaptive  4.487915909186668E-002          64
 Wcc integration max_diff, Nk_adaptive  4.282046422360253E-002          64
 Wcc integration max_diff, Nk_adaptive  4.074894347512270E-002          64
 Wcc integration max_diff, Nk_adaptive  3.850621157476475E-002          64
 Wcc integration max_diff, Nk_adaptive  3.569704373264315E-002          64
 Wcc integration max_diff, Nk_adaptive  3.192111729353719E-002          64
 Wcc integration max_diff, Nk_adaptive  2.715915570354177E-002          64
 Wcc integration max_diff, Nk_adaptive  2.193337345174839E-002          64
 Wcc integration max_diff, Nk_adaptive  1.698194965050170E-002          64
 Wcc integration max_diff, Nk_adaptive  1.281139617629456E-002          64
 Wcc integration max_diff, Nk_adaptive  9.563215404323699E-003          64
 Wcc integration max_diff, Nk_adaptive  7.142564399984508E-003          64
 Wcc integration max_diff, Nk_adaptive  5.374295010176056E-003          64
 Wcc integration max_diff, Nk_adaptive  4.089109220942078E-003          64
 Wcc integration max_diff, Nk_adaptive  3.151990864106224E-003          64
 Wcc integration max_diff, Nk_adaptive  2.463648147989161E-003          64
 Wcc integration max_diff, Nk_adaptive  1.953573870881797E-003          64
 Wcc integration max_diff, Nk_adaptive  1.572334436829692E-003          64
 Wcc integration max_diff, Nk_adaptive  1.285324462152460E-003          64
 Wcc integration max_diff, Nk_adaptive  1.068227878141315E-003          64
 Wcc integration max_diff, Nk_adaptive  9.038655374720150E-004          64
 Wcc integration max_diff, Nk_adaptive  7.800469405569999E-004          64
 Wcc integration max_diff, Nk_adaptive  6.881167056214110E-004          64
 Wcc integration max_diff, Nk_adaptive  6.219743937698752E-004          64
 Wcc integration max_diff, Nk_adaptive  5.774175467880838E-004          64
 Wcc integration max_diff, Nk_adaptive  5.517090932247726E-004          64
 Wcc integration max_diff, Nk_adaptive  5.433057969455035E-004          64
 Wcc integration max_diff, Nk_adaptive  5.517090932247726E-004          64
 Wcc integration max_diff, Nk_adaptive  5.774175467880838E-004          64
 Wcc integration max_diff, Nk_adaptive  6.219743937698752E-004          64
 Wcc integration max_diff, Nk_adaptive  6.881167056214110E-004          64
 Wcc integration max_diff, Nk_adaptive  7.800469405569999E-004          64
 Wcc integration max_diff, Nk_adaptive  9.038655374720150E-004          64
 Wcc integration max_diff, Nk_adaptive  1.068227878141315E-003          64
 Wcc integration max_diff, Nk_adaptive  1.285324462152460E-003          64
 Wcc integration max_diff, Nk_adaptive  1.572334436829692E-003          64
 Wcc integration max_diff, Nk_adaptive  1.953573870881797E-003          64
 Wcc integration max_diff, Nk_adaptive  2.463648147989161E-003          64
 Wcc integration max_diff, Nk_adaptive  3.151990864106224E-003          64
 Wcc integration max_diff, Nk_adaptive  4.089109220942078E-003          64
 Wcc integration max_diff, Nk_adaptive  5.374295010176056E-003          64
 Wcc integration max_diff, Nk_adaptive  7.142564399984508E-003          64
 Wcc integration max_diff, Nk_adaptive  9.563215404323699E-003          64
 Wcc integration max_diff, Nk_adaptive  1.281139617629456E-002          64
 Wcc integration max_diff, Nk_adaptive  1.698194965050170E-002          64
 Wcc integration max_diff, Nk_adaptive  2.193337345174839E-002          64
 Wcc integration max_diff, Nk_adaptive  2.715915570353999E-002          64
 Wcc integration max_diff, Nk_adaptive  3.192111729353897E-002          64
 Wcc integration max_diff, Nk_adaptive  3.569704373264138E-002          64
 Wcc integration max_diff, Nk_adaptive  3.850621157476652E-002          64
 Wcc integration max_diff, Nk_adaptive  4.074894347512270E-002          64
 Wcc integration max_diff, Nk_adaptive  4.282046422360253E-002          64
 Wcc integration max_diff, Nk_adaptive  4.487915909186668E-002          64
 Wcc integration max_diff, Nk_adaptive  4.682473301894419E-002          64
 Wcc integration max_diff, Nk_adaptive  4.838857621865955E-002          64
 Wcc integration max_diff, Nk_adaptive  4.926880957733992E-002          64
 Wcc iter:           1
    1   0.00000   0.00000   0.00000 T T   0.30000
    2   0.01695   0.00000   0.00000 T T   0.30000
    3   0.03390   0.00000   0.00000 T T   0.30000
    4   0.05085   0.00000   0.00000 T T   0.30000
    5   0.06780   0.00000   0.00000 T T   0.30000
    6   0.08475   0.00000   0.00000 T T   0.30000
    7   0.10169   0.00000   0.00000 T T   0.30000
    8   0.11864   0.00000   0.00000 T T   0.30000
    9   0.13559   0.00000   0.00000 T T   0.30000
   10   0.15254   0.00000   0.00000 T T   0.30000
   11   0.16949   0.00000   0.00000 T T   0.30000
   12   0.18644   0.00000   0.00000 T T   0.30000
   13   0.20339   0.00000   0.00000 T T   0.30000
   14   0.22034   0.00000   0.00000 T T   0.30000
   15   0.23729   0.00000   0.00000 T T   0.30000
   16   0.25424   0.00000   0.00000 T T   0.30000
   17   0.27119   0.00000   0.00000 T T   0.30000
   18   0.28814   0.00000   0.00000 T T   0.30000
   19   0.30508   0.00000   0.00000 T T   0.30000
   20   0.32203   0.00000   0.00000 T T   0.30000
   21   0.33898   0.00000   0.00000 T T   0.30000
   22   0.35593   0.00000   0.00000 T T   0.30000
   23   0.37288   0.00000   0.00000 T T   0.30000
   24   0.38983   0.00000   0.00000 T T   0.30000
   25   0.40678   0.00000   0.00000 T T   0.30000
   26   0.42373   0.00000   0.00000 T T   0.30000
   27   0.44068   0.00000   0.00000 T T   0.30000
   28   0.45763   0.00000   0.00000 T T   0.30000
   29   0.47458   0.00000   0.00000 T T   0.30000
   30   0.49153   0.00000   0.00000 T T   0.30000
   31   0.50847   0.00000   0.00000 T T   0.30000
   32   0.52542   0.00000   0.00000 T T   0.30000
   33   0.54237   0.00000   0.00000 T T   0.30000
   34   0.55932   0.00000   0.00000 T T   0.30000
   35   0.57627   0.00000   0.00000 T T   0.30000
   36   0.59322   0.00000   0.00000 T T   0.30000
   37   0.61017   0.00000   0.00000 T T   0.30000
   38   0.62712   0.00000   0.00000 T T   0.30000
   39   0.64407   0.00000   0.00000 T T   0.30000
   40   0.66102   0.00000   0.00000 T T   0.30000
   41   0.67797   0.00000   0.00000 T T   0.30000
   42   0.69492   0.00000   0.00000 T T   0.30000
   43   0.71186   0.00000   0.00000 T T   0.30000
   44   0.72881   0.00000   0.00000 T T   0.30000
   45   0.74576   0.00000   0.00000 T T   0.30000
   46   0.76271   0.00000   0.00000 T T   0.30000
   47   0.77966   0.00000   0.00000 T T   0.30000
   48   0.79661   0.00000   0.00000 T T   0.30000
   49   0.81356   0.00000   0.00000 T T   0.30000
   50   0.83051   0.00000   0.00000 T T   0.30000
   51   0.84746   0.00000   0.00000 T T   0.30000
   52   0.86441   0.00000   0.00000 T T   0.30000
   53   0.88136   0.00000   0.00000 T T   0.30000
   54   0.89831   0.00000   0.00000 T T   0.30000
   55   0.91525   0.00000   0.00000 T T   0.30000
   56   0.93220   0.00000   0.00000 T T   0.30000
   57   0.94915   0.00000   0.00000 T T   0.30000
   58   0.96610   0.00000   0.00000 T T   0.30000
   59   0.98305   0.00000   0.00000 T T   0.30000
   60   1.00000   0.00000   0.00000 T T   0.30000
 Z2 for the plane you choose:            0
 Time cost for WannierCenter is about            0.075 s
 << End of calculating the Wilson loop
  
 Time cost for whole program is about            0.177 s
  
  
  =======================================================================
  Congratulations! you finished the calculation.
  I hope you could find something useful from this calculation.
  If so, I would like to ask you to cite our this paper:
  
  WannierTools : An open-source software package for novel topological materials
  QuanSheng Wu and ShengNan Zhang and Hai-Feng Song and Matthias Troyer and Alexey A. Soluyanov
  Computer Physics Communications 224, 405 (2018)
  https://doi.org/10.1016/j.cpc.2017.09.033
  
  For bugs, please report to wuquansheng@gmail.com                   
  or wanniertools@groups.google.com.                 
  More information could find on www.wanniertools.com            
  See you next time :)
  =======================================================================
