 -----------------------------------------------------------------------
  W            W            W              TTTTTTTTTTTTTTTTTTTT         
   W          W W          W                        TT                  
    W        W   W        W                         TT                  
     W      W     W      W                          TT                  
      W    W       W    W                           TT                  
       W  W         W  W                            TT                  
        WW           WW                             TT                  
        W             W                             TT                  
                                                                        
                        Welcome to WannierTools.                       
                             Version 2.6.0     
                   Tools for novel topological materials.               
                          Enjoy it and good luck.                       
                           Author : QuanSheng Wu                        
                        Email : wuquansheng@gmail.com                   
               Find more information on www.wanniertools.com            
 =======================================================================
                                                                        
 You are using     2 CPU cores
  
   
 >>>Read some paramters from wt.in
 You are using : TB     model
 Tight-binding Hamiltonian FROM: Hr File
 Is_Sparse_Hr=  F
 Tight-binding Hamiltonian filename: Wannier90_hr.dat         
 System of particle: electron                 
 Tight-binding Hamiltonian obtained from : VASP                     
   
 >>>Control parameters: 
 BulkBand_line_calc                :  F
 BulkBand_plane_calc               :  F
 Landaulevel_unfold_line_calc      :  F
 BulkBand_unfold_line_calc         :  F
 BulkBand_unfold_plane_calc        :  F
 QPI_unfold_plane_calc             :  F
 BulkFatBand_calc                  :  F
 BulkBand_cube_calc                :  F
 BulkFS_calc                       :  F
 BulkFS_Plane_calc                 :  F
 BulkFS_plane_stack_calc           :  F
 BulkGap_cube_calc                 :  F
 BulkGap_plane_calc                :  F
 SlabBand_calc                     :  F
 SlabBandWaveFunc_calc             :  F
 SlabSS_calc                       :  F
 SlabArc_calc                      :  F
 SlabSpintexture_calc              :  F
 wanniercenter_calc                :  F
 BerryPhase_calc                   :  F
 BerryCurvature_calc               :  F
 BerryCurvature_EF_calc            :  F
 BerryCurvature_kpath_EF_calc      :  F
 BerryCurvature_kpath_Occupied_calc:  F
 BerryCurvature_Cube_calc          :  F
 BerryCurvature_slab_calc          :  F
 Dos_calc                          :  F
 Z2_3D_calc                        :  F
 WeylChirality_calc                :  F
 NLChirality_calc                  :  F
 Chern_3D_calc                     :  F
 MirrorChern_calc                  :  F
 JDos_calc                         :  F
 FindNodes_calc                    :  T
 EffectiveMass_calc                :  F
 AHC_calc                          :  F
 Boltz_OHE_calc                    :  F
 Boltz_Berry_correction            :  F
 LOTO_correction                   :  F
 OrbitalTexture_calc               :  F
 OrbitalTexture_3D_calc            :  F
 LandauLevel_k_calc                :  F
 LandauLevel_B_calc                :  F
 LandauLevel_wavefunction_calc     :  F
 Fit_kp_calc                       :  F
 DMFT_MAG_calc                     :  F
 Translate_to_WS_calc              :  F
 LandauLevel_kplane_calc           :  F
 LandauLevel_k_dos_calc            :  F
 LandauLevel_B_dos_calc            :  F
 FermiLevel_calc                   :  F
 ChargeDensity_selected_bands_calc :  F
 ChargeDensity_selected_energies_calc :  F
   
 >>>System parameters: 
 NumSlabs :    10
 Nslab1 for ribbon  :     1
 Nslab2 for ribbon  :     1
 Number of Occupied bands:    16
 Number of total electrons:   16.000000
 With SOC or not in Hrfile:     1
 Fermi energy (eV) :        6.854900
 surf_onsite (eV):         0.000000
 Add_Zeeman_Field:  F
 Zeeman_energy_in_eV (eV):         0.000000
 Electric_field_in_eVpA (eV/Angstrom):         0.000000
 Symmetrical_Electric_field_in_eVpA (eV/Angstrom):         0.000000
 Inner_symmetrical_Electric_Field:  F
 ijmax :    10
   
 **Notes**: There are two ways to specify magnetic field.
 1. specify Bmagnitude, Btheta, Bphi
 2. specify Bx, By, Bz
 Bmagnitude, Bx, By, Bz are real numbers in unit of Tesla. and Bx, By, Bz 
 are in the cartesian coordinates. Btheta is the angle with z axial 
  and Bphi is the angle with respect to x axial in the x-y plane
  Btheta is in [0, 180], Bphi is in [0, 360).
 If you specify both of them together, we will choose the first one.
 If choose the first one, but not specify Btheta, Bphi, then 
 by default we set Btheta=0, Bphi=0 which means B is along z direction.
  
  Warning: You didn't specify the magnitude of magnetic field.
  
 >>You did not specified the magnitude of magnetic field, 
  and also didn't set Bx, By, Bz. So we will set the magnetic direction
  from the settings of Btheta, Bphi.
  If you even didn't set Btheta, Bphi, we will take the default value, 
  Btheta=0, Bphi=0 which means B is along z direction
 >>You didn't set Btheta, and we set it to 0.
 >>You didn't set Bphi, and we set it to 0.
 Bmagnitude (in Tesla) :        1.000000
 Btheta, Bphi :        0.000000        0.000000
 Bx, By, Bz (in Tesla) :        0.000000        0.000000        1.000000
 B direction cosines :        0.000000        0.000000        1.000000
   
 >>>calculation parameters : 
 E_arc :          0.00000
 Eta_arc :          0.00100
 Gap_threshold         0.00010
 OmegaMin :         -1.00000
 OmegaMax :          1.00000
 OmegaNum :    100
 OmegaNum_unfold :    200
 Nk1 :      6
 Nk2 :      6
 Nk3 :      6
 NP number of principle layers  :      2
 Tmin(Kelvin)  :        100.00000
 Tmax(Kelvin)  :        100.00000
 NumT  :      1
 NBTau  :      1
 Beta  :        100.00000
 Nslice_BTau_Max  :   5000
 BTauMax(Tesla.ps)         0.00000
 Relaxation_Time_Tau (ps)         1.00000
 Rcut    999999.00000
 Magp               1
 Magp_min               0
 Magp_max               1
 wcc_calc_tol         0.08000
 wcc_neighbour_tol         0.30000
 NumLCZVecs   400
 NumSelectedEigenVals     0
 NumRandomConfs:     1
 Projection weight mode:NORMAL              
 The size of magnetic supercell is Magq= :      10
  
 We found LATTICE card
>> lattice information (Angstrom)
           a           b           c       alpha        beta       gamma
    3.437000    3.437000    6.314433   55.982979   55.982979   47.625949
 Three Lattice vectors of the unfolded cell: 
    3.437000    0.000000    0.000000
    0.000000    3.437000    0.000000
   -1.718500   -1.718500    5.828000
>> Reciprocal lattice information (1/Angstrom)
           a           b           c       alpha        beta       gamma
    1.905920    1.905920    1.078103  139.028690  139.028690  161.404995
 Three reciprocal lattice vectors of the primitive cell: 
    1.828102    0.000000    0.539052
    0.000000    1.828102    0.539052
    0.000000    0.000000    1.078103
  
 We found ATOM_POSITIONS card
Origin_cell%Num_atoms    4
  
 Warning: You didn't specify the atom magnetic moment in the ATOMIC_POSITION car
 d Or the format is wrong. So we set all the Atom-magnetic-moments to zero.
 
>> Atom position and magnetic moment of Original lattice
                                         Catesian                  Fractional(Direct)         Magnetic moment
------------------------------------------------------------------------------------------------------------------
 index  Atom Name            x           y           z           a           b           c      Mx      My      Mz
------------------------------------------------------------------------------------------------------------------
     1  Ta            0.000000    3.247494    5.506662    0.250000    0.750000    0.500000   0.000   0.000   0.000
     2  Ta            0.000000    0.000000    0.000000    0.000000    0.000000    0.000000   0.000   0.000   0.000
     3  As            3.247494    0.000000    3.678450    0.667000    0.167000    0.334000   0.000   0.000   0.000
     4  As            0.000000    0.000000    9.185112    0.417000    0.417000    0.834000   0.000   0.000   0.000
  
 We found PROJECTORS card
 >>Number of projectors per atoms:
     5     5     3     3
Ta      dz2     dxz     dyz     dx2-y2  dxy     
Ta      dz2     dxz     dyz     dx2-y2  dxy     
As      pz      px      py      
As      pz      px      py      
  
 >> Wannier centers by default, in unit of unit lattice vectors
 iwann        R1        R2        R3         x         y         z
     1  0.250000  0.750000  0.500000  0.000000  3.247494  5.506662
     2  0.250000  0.750000  0.500000  0.000000  3.247494  5.506662
     3  0.250000  0.750000  0.500000  0.000000  3.247494  5.506662
     4  0.250000  0.750000  0.500000  0.000000  3.247494  5.506662
     5  0.250000  0.750000  0.500000  0.000000  3.247494  5.506662
     6  0.000000  0.000000  0.000000  0.000000  0.000000  0.000000
     7  0.000000  0.000000  0.000000  0.000000  0.000000  0.000000
     8  0.000000  0.000000  0.000000  0.000000  0.000000  0.000000
     9  0.000000  0.000000  0.000000  0.000000  0.000000  0.000000
    10  0.000000  0.000000  0.000000  0.000000  0.000000  0.000000
    11  0.667000  0.167000  0.334000  3.247494  0.000000  3.678450
    12  0.667000  0.167000  0.334000  3.247494  0.000000  3.678450
    13  0.667000  0.167000  0.334000  3.247494  0.000000  3.678450
    14  0.417000  0.417000  0.834000  0.000000  0.000000  9.185112
    15  0.417000  0.417000  0.834000  0.000000  0.000000  9.185112
    16  0.417000  0.417000  0.834000  0.000000  0.000000  9.185112
    17  0.250000  0.750000  0.500000  0.000000  3.247494  5.506662
    18  0.250000  0.750000  0.500000  0.000000  3.247494  5.506662
    19  0.250000  0.750000  0.500000  0.000000  3.247494  5.506662
    20  0.250000  0.750000  0.500000  0.000000  3.247494  5.506662
    21  0.250000  0.750000  0.500000  0.000000  3.247494  5.506662
    22  0.000000  0.000000  0.000000  0.000000  0.000000  0.000000
    23  0.000000  0.000000  0.000000  0.000000  0.000000  0.000000
    24  0.000000  0.000000  0.000000  0.000000  0.000000  0.000000
    25  0.000000  0.000000  0.000000  0.000000  0.000000  0.000000
    26  0.000000  0.000000  0.000000  0.000000  0.000000  0.000000
    27  0.667000  0.167000  0.334000  3.247494  0.000000  3.678450
    28  0.667000  0.167000  0.334000  3.247494  0.000000  3.678450
    29  0.667000  0.167000  0.334000  3.247494  0.000000  3.678450
    30  0.417000  0.417000  0.834000  0.000000  0.000000  9.185112
    31  0.417000  0.417000  0.834000  0.000000  0.000000  9.185112
    32  0.417000  0.417000  0.834000  0.000000  0.000000  9.185112
 We didn't found LATTICE_UNFOLD card, so it is the same as the unit cell.
>> Folded lattice information (Angstrom)
           a           b           c       alpha        beta       gamma
    3.437000    3.437000    6.314433   55.982979   55.982979   47.625949
 Three Lattice vectors of unfolded cell: 
    3.437000    0.000000    0.000000
    0.000000    3.437000    0.000000
   -1.718500   -1.718500    5.828000
>> Folded Reciprocal lattice information (1/Angstrom)
           a           b           c       alpha        beta       gamma
    1.905920    1.905920    1.078103  139.028690  139.028690  161.404995
 Three reciprocal lattice vectors of unfolded cell: 
    1.828102    0.000000    0.539052
    0.000000    1.828102    0.539052
    0.000000    0.000000    1.078103
 
>> The relation between the original lattice and the unfolded lattice
>> The cell volume ratio is:     1.000000
>> The lattice constant a ratio is:     1.000000
>> The lattice constant b ratio is:     1.000000
>> The lattice constant c ratio is:     1.000000
>> Origin_cell in unit of Folded_cell: R1      1.000000    0.000000    0.000000
>> Origin_cell in unit of Folded_cell: R2      0.000000    1.000000    0.000000
>> Origin_cell in unit of Folded_cell: R3      0.000000    0.000000    1.000000
 
 
>>> Atom position and magnetic moment of Unfolded lattice
                                    Catesian(Ang)                  Fractional(Direct)         Magnetic moment
------------------------------------------------------------------------------------------------------------------
 index  Atom Name            x           y           z           a           b           c      Mx      My      Mz
------------------------------------------------------------------------------------------------------------------
     1  Ta            0.000000    1.718500    2.914000    0.250000    0.750000    0.500000   0.000   0.000   0.000
     2  Ta            0.000000    0.000000    0.000000    0.000000    0.000000    0.000000   0.000   0.000   0.000
     3  As            1.718500    0.000000    1.946552    0.667000    0.167000    0.334000   0.000   0.000   0.000
     4  As            0.000000    0.000000    4.860552    0.417000    0.417000    0.834000   0.000   0.000   0.000
  
 We found SURFACE card
 
>> new vectors to define the surface (in unit of lattice vector)
 The 1st vector on surface     :    1.000000    0.000000    0.000000
 The 2nd vector on surface     :    0.000000    1.000000    0.000000
 The 3rd vector out of surface :    0.000000    0.000000    1.000000
  
 The rotated new unit cell in cartesian coordinates : 
    6.494989    0.000000    0.000000
    0.000000    6.494989    0.000000
   -3.247494   -3.247494   11.013324
New cell's Volume is           68.84598Ang^3
  
 Fractional coordinates of atoms in units of new lattice vectors : 
Ta      0.250000    0.750000    0.500000
Ta      0.000000    0.000000    0.000000
As      0.667000    0.167000    0.334000
As      0.417000    0.417000    0.834000
  
 
 >> Top surface atom is      4 As        
 
 2D Primitive Cell_Volume:    11.8129690000000     
 Ra2, Rb2
    3.4370    0.0000
    0.0000    3.4370
 Ka2, Kb2
    0.5119    0.0000
    0.0000    0.5119
>> lattice information of the magnetic supercell (Angstrom)
    3.437000    0.000000    0.000000
    0.000000    3.437000    0.000000
  -17.185000  -17.185000   58.280000
>> Reciprocal lattice information of the magnetic supercell (1/Angstrom)
    1.828102    0.000000    0.539052
    0.000000    1.828102    0.539052
    0.000000    0.000000    0.107810
  
3D Primitive Origin_cell%CellVolume:      68.84598333 in Angstrom^3
3D Magnetic supercell Volume:     688.45983332 in Angstrom^3
Projected area of magnetic supercell normal to the first vector specifed in SURFACE card:     715.31413877 in Angstrom^2
 >> Kpoints plane for 2D system--> arcs  
K2D_start: -0.5000 -0.5000
The first vector:   1.0000  0.0000
The second vector:   0.0000  1.0000
 >> Kpoints plane for 3D system--> gapshape  
k3D_start :   0.0000  0.0000  0.0000
The 1st vector:   1.0000  0.0000  0.0000
The 2nd vector:   0.0000  0.5000  0.0000
  
 We found KCUBE_BULK card
 >> Kpoints cube for 3D system--> gapshape3D  
k3D_start : -0.5000 -0.5000 -0.5000
The 1st vector:   1.0000  0.0000  0.0000
The 2nd vector:   0.0000  1.0000  0.0000
The 3rd vector:   0.0000  0.0000  1.0000
kCubeVolume:   3.6030
ReciprocalOrigin_cell%CellVolume:   3.6030
  
  
 >> Using default parameters for Kpoint_3D
>> k points  0.0000 0.0000 0.0000 in unit of reciprocal primitive cell
>> k points  0.0000 0.0000 0.0000 in Cartesian coordinates
  
 >> Using default parameters for effective mass calculation
 >> Effective mass calculation parameters  
>> The    16'th band
>> k step  0.0100 in unit of 1/Angstrom
>> k points  0.0000 0.0000 0.0000 in unit of reciprocal primitive cell
>> k points  0.0000 0.0000 0.0000 in unit of 1/Angstrom
  
 >> We use the default values for k3points_pointmode_direct=[0,0,0]
 >> and Nk3_point_mode = 1
  
 >> We use the default values for k3points_unfold_pointmode_direct=[0,0,0]
 >> and Nk3_unfold_point_mode = 1
  
 >> We use the default values for Single_KPOINT_2D_DIRECT=[0,0]
  
 >> We use the default values for Single_KPOINT_3D_DIRECT=[0,0,0]
 >> Output all atoms weight for surface state spectrum
 > NtopAtoms            4
> TopAtoms 
     1     2     3     4
> NbottomAtoms          4
> BottomAtoms 
     1     2     3     4
 > NtopOrbitals           32
> TopOrbitals 
     1     2     3     4     5     6     7     8     9    10
    11    12    13    14    15    16    17    18    19    20
    21    22    23    24    25    26    27    28    29    30
    31    32
> NBottomOrbitals   32
> BottomOrbitals 
     1     2     3     4     5     6     7     8     9    10
    11    12    13    14    15    16    17    18    19    20
    21    22    23    24    25    26    27    28    29    30
    31    32
  
 >> We do not calculate chirality for nodal lines
  
 >> We do not calculate chirality for weyl points
  
>> There are    1 groups of SelectedAtoms
Group :   1
>> Number of atoms selected         4
>> Selected atoms are
    1  Ta            2  Ta            3  As            4  As        
  
>> There are   1 groups of SelectedOrbitals
 >> SelectedOrbitals
>> Number of orbitals selected (including spin degenarcy)        32
>> Orbitals are
       1       2       3       4       5       6       7       8       9      10      11      12
      13      14      15      16      17      18      19      20      21      22      23      24
      25      26      27      28      29      30      31      32
  
 >> SELECTED_OCCUPIED_BANDS
>> Number of Occupied bands selected         16
>> OccupiedBand indices are
     1     2     3     4     5     6     7     8     9    10    11    12
    13    14    15    16
  
  
 >> SELECTEDBANDS
>> Number of bands selected         32
>> Band indices are
     1     2     3     4     5     6     7     8     9    10    11    12
    13    14    15    16    17    18    19    20    21    22    23    24
    25    26    27    28    29    30    31    32
  
 <<<Read wt.in file successfully
 
  File Wannier90_hr.dat exist, We are using HmnR from wannier90
 >> Num_wann          32
 >> NRPTS         651
  >> Begin to read Hmn_R.data
  
 
  Note: This is not a 2D system or E=0, so we can't add electric field.
 
  << Read Hmn_R.data successfully
  
 >> Start of nodes searching
 >>>Find nodes for ik           1 in knv3         216
Proteus iter=        1
k         -0.486667       -0.473333       -0.460000
gap        0.137153        0.142056        0.135681        0.144796
Proteus iter=       51
k         -0.514970       -0.005706       -0.809754
gap        0.001152        0.001210        0.001734        0.001817
Proteus iter=      101
k         -0.515246       -0.006936       -0.796494
gap        0.000734        0.000709        0.000770        0.000755
Proteus iter=      151
k         -0.510149       -0.008095       -0.741528
gap        0.000018        0.000015        0.000023        0.000038
Proteus iter=      201
k         -0.510088       -0.008076       -0.740907
gap        0.000000        0.000000        0.000000        0.000000
Proteus iter=      251
k         -0.510088       -0.008076       -0.740918
gap        0.000000        0.000000        0.000000        0.000000
Proteus iter=      251
k         -0.510088       -0.008076       -0.740918
gap        0.000000        0.000000        0.000000        0.000000
 iter         251
          k1          k2          k3         gap
   -0.510088   -0.008076   -0.740918    0.000000
  
 >>>Find nodes for ik           3 in knv3         216
Proteus iter=        1
k         -0.500000       -0.500000       -0.166667
gap        0.143262        0.141386        0.136073        0.140096
Proteus iter=       51
k         -0.527981       -0.011425       -0.789667
gap        0.003275        0.001626        0.002056        0.001257
Proteus iter=      101
k         -0.510181       -0.007981       -0.740469
gap        0.000036        0.000038        0.000048        0.000033
Proteus iter=      151
k         -0.510088       -0.008076       -0.740903
gap        0.000000        0.000000        0.000000        0.000000
Proteus iter=      201
k         -0.510088       -0.008076       -0.740918
gap        0.000000        0.000000        0.000000        0.000000
 iter         207
          k1          k2          k3         gap
   -0.510088   -0.008076   -0.740918    0.000000
  
 >>>Find nodes for ik           5 in knv3         216
Proteus iter=        1
k         -0.500000       -0.500000        0.166667
gap        0.143262        0.141416        0.136368        0.140770
Proteus iter=       51
k         -0.486033        0.003972       -0.268117
gap        0.001315        0.000613        0.001468        0.001307
Proteus iter=      101
k         -0.489705        0.008039       -0.269824
gap        0.000140        0.000140        0.000141        0.000141
Proteus iter=      151
k         -0.489678        0.008056       -0.269536
gap        0.000137        0.000138        0.000139        0.000138
Proteus iter=      201
k         -0.489765        0.008122       -0.261056
gap        0.000045        0.000026        0.000034        0.000016
Proteus iter=      251
k         -0.489913        0.008076       -0.259103
gap        0.000000        0.000000        0.000000        0.000000
Proteus iter=      301
k         -0.489912        0.008076       -0.259082
gap        0.000000        0.000000        0.000000        0.000000
 iter         308
          k1          k2          k3         gap
   -0.489912    0.008076   -0.259082    0.000000
  
 >>>Find nodes for ik           7 in knv3         216
Proteus iter=        1
k         -0.486667       -0.306667       -0.460000
gap        0.088053        0.092821        0.087169        0.095935
Proteus iter=       51
k         -0.509586       -0.006411       -0.734299
gap        0.000631        0.000653        0.000606        0.000432
Proteus iter=      101
k         -0.510199       -0.008030       -0.730245
gap        0.000141        0.000141        0.000141        0.000141
Proteus iter=      151
k         -0.510137       -0.008029       -0.739825
gap        0.000023        0.000023        0.000021        0.000021
Proteus iter=      201
k         -0.510089       -0.008076       -0.740905
gap        0.000000        0.000000        0.000000        0.000000
Proteus iter=      251
k         -0.510088       -0.008076       -0.740918
gap        0.000000        0.000000        0.000000        0.000000
 iter         260
          k1          k2          k3         gap
   -0.510088   -0.008076   -0.740918    0.000000
  
 >>>Find nodes for ik           9 in knv3         216
Proteus iter=        1
k         -0.500000       -0.333333       -0.166667
gap        0.096344        0.087189        0.087960        0.096858
Proteus iter=       51
k         -0.728917        0.065305       -0.361475
gap        0.015699        0.005765        0.005468        0.010590
Proteus iter=      101
k         -0.672689       -0.000302       -0.447476
gap        0.001265        0.001221        0.001177        0.001214
Proteus iter=      151
k         -0.604840       -0.000177       -0.493697
gap        0.000300        0.000306        0.000328        0.000304
Proteus iter=      201
k         -0.603771        0.000004       -0.495682
gap        0.000283        0.000283        0.000283        0.000283
 iter         211
          k1          k2          k3         gap
   -0.603589   -0.000000   -0.495895    0.000283
  
 >>>Find nodes for ik          11 in knv3         216
Proteus iter=        1
k         -0.486667       -0.306667        0.206667
gap        0.088451        0.095383        0.086335        0.095901
Proteus iter=       51
k         -0.442975        0.000719       -0.129143
gap        0.000996        0.000973        0.000989        0.000996
Proteus iter=      101
k         -0.423383        0.000533       -0.112394
gap        0.000596        0.000491        0.000609        0.000763
Proteus iter=      151
k         -0.396603       -0.000011       -0.099532
gap        0.000283        0.000283        0.000283        0.000283
 iter         171
          k1          k2          k3         gap
   -0.396454    0.000002   -0.099497    0.000283
  
 >>>Find nodes for ik          13 in knv3         216
Proteus iter=        1
k         -0.486667       -0.140000       -0.460000
gap        0.051974        0.056083        0.049292        0.057830
Proteus iter=       51
k         -0.517703        0.008137       -0.685150
gap        0.000940        0.000913        0.000928        0.000886
Proteus iter=      101
k         -0.511049        0.007936       -0.715243
gap        0.000454        0.000600        0.000570        0.000507
Proteus iter=      151
k         -0.510172        0.008046       -0.748612
gap        0.000019        0.000028        0.000034        0.000036
Proteus iter=      201
k         -0.510089        0.008075       -0.748995
gap        0.000000        0.000000        0.000000        0.000000
 iter         242
          k1          k2          k3         gap
   -0.510088    0.008076   -0.748994    0.000000
  
 >>>Find nodes for ik          15 in knv3         216
Proteus iter=        1
k         -0.500000       -0.166667       -0.166667
gap        0.060358        0.048894        0.049301        0.059816
Proteus iter=       51
k         -0.652347       -0.001548        0.110257
gap        0.001031        0.000972        0.000982        0.000831
Proteus iter=      101
k         -0.635071       -0.000316        0.096677
gap        0.000598        0.000639        0.000565        0.000566
Proteus iter=      151
k         -0.602864        0.000011        0.099556
gap        0.000283        0.000283        0.000283        0.000283
 iter         173
          k1          k2          k3         gap
   -0.603588   -0.000001    0.099498    0.000283
  
 >>>Find nodes for ik          17 in knv3         216
Proteus iter=        1
k         -0.500000       -0.166667        0.166667
gap        0.058083        0.055759        0.048977        0.051575
Proteus iter=       51
k         -0.512017        0.008062        0.202246
gap        0.000740        0.000949        0.000809        0.000887
Proteus iter=      101
k         -0.509834        0.008116        0.249183
gap        0.000057        0.000034        0.000059        0.000028
Proteus iter=      151
k         -0.510088        0.008076        0.251016
gap        0.000000        0.000000        0.000000        0.000000
Proteus iter=      201
k         -0.510088        0.008076        0.251006
gap        0.000000        0.000000        0.000000        0.000000
 iter         206
          k1          k2          k3         gap
   -0.510088    0.008076    0.251006    0.000000
  
 >>>Find nodes for ik          19 in knv3         216
Proteus iter=        1
k         -0.500000        0.000000       -0.500000
gap        0.015327        0.013152        0.020201        0.011870
Proteus iter=       51
k         -0.487330       -0.008260       -0.266745
gap        0.000525        0.000548        0.000482        0.000387
Proteus iter=      101
k         -0.489902       -0.008344       -0.251690
gap        0.000100        0.000043        0.000056        0.000059
Proteus iter=      151
k         -0.489912       -0.008077       -0.250991
gap        0.000000        0.000001        0.000000        0.000001
Proteus iter=      201
k         -0.489912       -0.008076       -0.251007
gap        0.000000        0.000000        0.000000        0.000000
 iter         215
          k1          k2          k3         gap
   -0.489912   -0.008076   -0.251006    0.000000
  
 >>>Find nodes for ik          21 in knv3         216
Proteus iter=        1
k         -0.500000        0.000000       -0.166667
gap        0.004860        0.002000        0.016021        0.008446
Proteus iter=       51
k         -0.489869        0.008145       -0.276229
gap        0.000240        0.000233        0.000216        0.000180
Proteus iter=      101
k         -0.489910        0.008081       -0.259339
gap        0.000004        0.000002        0.000004        0.000003
Proteus iter=      151
k         -0.489912        0.008076       -0.259082
gap        0.000000        0.000000        0.000000        0.000000
 iter         176
          k1          k2          k3         gap
   -0.489912    0.008076   -0.259082    0.000000
  
 >>>Find nodes for ik          23 in knv3         216
Proteus iter=        1
k         -0.500000        0.000000        0.166667
gap        0.004860        0.008936        0.015124        0.003271
Proteus iter=       51
k         -0.513008        0.007279        0.220521
gap        0.000511        0.000316        0.000448        0.000274
Proteus iter=      101
k         -0.510091        0.008066        0.251123
gap        0.000004        0.000003        0.000003        0.000003
Proteus iter=      151
k         -0.510088        0.008076        0.251009
gap        0.000000        0.000000        0.000000        0.000000
 iter         175
          k1          k2          k3         gap
   -0.510088    0.008076    0.251006    0.000000
  
 >>>Find nodes for ik          25 in knv3         216
Proteus iter=        1
k         -0.500000        0.166667       -0.500000
gap        0.058083        0.060523        0.050580        0.058952
Proteus iter=       51
k         -0.489008        0.007714       -0.274439
gap        0.000243        0.000160        0.000253        0.000217
Proteus iter=      101
k         -0.489906        0.008070       -0.258818
gap        0.000004        0.000004        0.000002        0.000003
Proteus iter=      151
k         -0.489912        0.008076       -0.259082
gap        0.000000        0.000000        0.000000        0.000000
 iter         174
          k1          k2          k3         gap
   -0.489912    0.008076   -0.259082    0.000000
  
 >>>Find nodes for ik          27 in knv3         216
Proteus iter=        1
k         -0.500000        0.166667       -0.166667
gap        0.058083        0.059870        0.050244        0.057830
Proteus iter=       51
k         -0.456109        0.000112       -0.134650
gap        0.001219        0.001256        0.001245        0.001200
Proteus iter=      101
k         -0.422296       -0.000049       -0.108490
gap        0.000493        0.000622        0.000537        0.000435
Proteus iter=      151
k         -0.396393        0.000001       -0.099427
gap        0.000283        0.000283        0.000283        0.000283
 iter         165
          k1          k2          k3         gap
   -0.396464   -0.000000   -0.099498    0.000283
  
 >>>Find nodes for ik          29 in knv3         216
Proteus iter=        1
k         -0.500000        0.166667        0.166667
gap        0.060358        0.055649        0.046720        0.059816
Proteus iter=       51
k         -0.581312       -0.001100        0.477963
gap        0.000669        0.000495        0.000758        0.000761
Proteus iter=      101
k         -0.600601       -0.000039        0.500936
gap        0.000286        0.000285        0.000285        0.000287
 iter         136
          k1          k2          k3         gap
   -0.603569   -0.000002    0.504086    0.000283
  
 >>>Find nodes for ik          31 in knv3         216
Proteus iter=        1
k         -0.500000        0.333333       -0.500000
gap        0.096344        0.099777        0.090279        0.096858
Proteus iter=       51
k         -0.464244       -0.005498       -0.388196
gap        0.001282        0.001352        0.001381        0.001346
Proteus iter=      101
k         -0.464710       -0.004209       -0.386034
gap        0.001210        0.001210        0.001210        0.001211
Proteus iter=      151
k         -0.485387       -0.009356       -0.308638
gap        0.001020        0.000966        0.001038        0.000989
Proteus iter=      201
k         -0.490003       -0.008050       -0.251726
gap        0.000025        0.000035        0.000037        0.000008
Proteus iter=      251
k         -0.489912       -0.008075       -0.251004
gap        0.000000        0.000000        0.000000        0.000000
 iter         299
          k1          k2          k3         gap
   -0.489912   -0.008076   -0.251006    0.000000
  
 >>>Find nodes for ik          33 in knv3         216
Proteus iter=        1
k         -0.500000        0.333333       -0.166667
gap        0.095957        0.095383        0.085896        0.095901
Proteus iter=       51
k         -0.388076        0.000771       -0.102016
gap        0.000513        0.000467        0.000398        0.000498
Proteus iter=      101
k         -0.388175        0.000007       -0.099265
gap        0.000301        0.000301        0.000301        0.000299
 iter         144
          k1          k2          k3         gap
   -0.396399   -0.000000   -0.099536    0.000283
  
 >>>Find nodes for ik          35 in knv3         216
Proteus iter=        1
k         -0.500000        0.333333        0.166667
gap        0.096344        0.092821        0.085284        0.095935
Proteus iter=       51
k         -0.538294       -0.004853        0.398259
gap        0.001261        0.001839        0.001543        0.001292
Proteus iter=      101
k         -0.510351       -0.008044        0.262658
gap        0.000067        0.000118        0.000212        0.000156
Proteus iter=      151
k         -0.510092       -0.008076        0.259137
gap        0.000001        0.000001        0.000001        0.000001
Proteus iter=      201
k         -0.510088       -0.008076        0.259082
gap        0.000000        0.000000        0.000000        0.000000
 iter         219
          k1          k2          k3         gap
   -0.510088   -0.008076    0.259082    0.000000
  
 >>>Find nodes for ik          37 in knv3         216
Proteus iter=        1
k         -0.320000       -0.473333       -0.460000
gap        0.089323        0.091588        0.089318        0.095935
Proteus iter=       51
k         -0.280515        0.009427       -1.177560
gap        0.002370        0.002747        0.001481        0.002492
Proteus iter=      101
k         -0.282671        0.019691       -1.162791
gap        0.000023        0.000014        0.000032        0.000017
Proteus iter=      151
k         -0.282649        0.019698       -1.162968
gap        0.000000        0.000000        0.000000        0.000000
 iter         198
          k1          k2          k3         gap
   -0.282650    0.019697   -1.162967    0.000000
  
 >>>Find nodes for ik          39 in knv3         216
Proteus iter=        1
k         -0.333333       -0.500000       -0.166667
gap        0.096344        0.091888        0.085850        0.096858
Proteus iter=       51
k         -0.238645       -0.752308       -0.004114
gap        0.019357        0.019345        0.019346        0.019348
 iter          67
          k1          k2          k3         gap
   -0.243397   -0.756524    0.000272    0.019343
  
 >>>Find nodes for ik          41 in knv3         216
Proteus iter=        1
k         -0.320000       -0.473333        0.206667
gap        0.090376        0.090911        0.093748        0.095901
Proteus iter=       51
k         -0.241027       -0.245047        0.247244
gap        0.019371        0.019419        0.019471        0.019573
 iter          81
          k1          k2          k3         gap
   -0.243826   -0.243217    0.243705    0.019343
  
 >>>Find nodes for ik          43 in knv3         216
Proteus iter=        1
k         -0.333333       -0.333333       -0.500000
gap        0.071875        0.069636        0.067152        0.061022
Proteus iter=       51
k         -0.246081       -0.241003       -0.757237
gap        0.019347        0.019356        0.019356        0.019360
 iter          71
          k1          k2          k3         gap
   -0.243102   -0.243821   -0.756581    0.019342
  
 >>>Find nodes for ik          45 in knv3         216
Proteus iter=        1
k         -0.320000       -0.306667       -0.126667
gap        0.107226        0.113412        0.108842        0.110485
Proteus iter=       51
k         -0.442203        0.002038        0.882855
gap        0.001064        0.001487        0.001434        0.001467
Proteus iter=      101
k         -0.433626       -0.000364        0.885999
gap        0.000710        0.000747        0.000728        0.000746
Proteus iter=      151
k         -0.399751        0.000084        0.900105
gap        0.000289        0.000312        0.000298        0.000290
 iter         191
          k1          k2          k3         gap
   -0.396401    0.000000    0.900534    0.000283
  
 >>>Find nodes for ik          47 in knv3         216
Proteus iter=        1
k         -0.320000       -0.306667        0.206667
gap        0.059176        0.067607        0.062775        0.066774
Proteus iter=       51
k         -0.246284       -0.241403        0.243662
gap        0.019348        0.019371        0.019348        0.019352
 iter          73
          k1          k2          k3         gap
   -0.243601   -0.243406    0.243663    0.019342
  
 >>>Find nodes for ik          49 in knv3         216
Proteus iter=        1
k         -0.333333       -0.166667       -0.500000
gap        0.053717        0.052833        0.045510        0.041357
Proteus iter=       51
k         -0.281896        0.021743       -0.578359
gap        0.000531        0.000123        0.000495        0.000419
Proteus iter=      101
k         -0.282656        0.019708       -0.574103
gap        0.000003        0.000002        0.000002        0.000002
Proteus iter=      151
k         -0.282649        0.019697       -0.574080
gap        0.000000        0.000000        0.000000        0.000000
 iter         184
          k1          k2          k3         gap
   -0.282650    0.019697   -0.574080    0.000000
  
 >>>Find nodes for ik          51 in knv3         216
Proteus iter=        1
k         -0.320000       -0.140000       -0.126667
gap        0.058552        0.073484        0.060386        0.067748
Proteus iter=       51
k         -0.349712        0.001262       -0.108477
gap        0.000928        0.000538        0.000346        0.000654
Proteus iter=      101
k         -0.396470        0.000005       -0.099561
gap        0.000283        0.000283        0.000283        0.000283
 iter         114
          k1          k2          k3         gap
   -0.396484   -0.000001   -0.099513    0.000283
  
 >>>Find nodes for ik          53 in knv3         216
Proteus iter=        1
k         -0.333333       -0.166667        0.166667
gap        0.030724        0.028522        0.027885        0.025768
Proteus iter=       51
k         -0.242620       -0.243929        0.241726
gap        0.019346        0.019344        0.019344        0.019349
 iter          70
          k1          k2          k3         gap
   -0.243274   -0.243681    0.243343    0.019342
  
 >>>Find nodes for ik          55 in knv3         216
Proteus iter=        1
k         -0.333333        0.000000       -0.500000
gap        0.005286        0.006161        0.020220        0.012824
Proteus iter=       51
k         -0.351874       -0.000035       -0.545346
gap        0.000726        0.000881        0.000603        0.000866
Proteus iter=      101
k         -0.397708       -0.000013       -0.501964
gap        0.000285        0.000286        0.000284        0.000286
 iter         133
          k1          k2          k3         gap
   -0.396462   -0.000001   -0.504032    0.000283
  
 >>>Find nodes for ik          57 in knv3         216
Proteus iter=        1
k         -0.333333        0.000000       -0.166667
gap        0.005286        0.003867        0.014643        0.001279
Proteus iter=       51
k         -0.389228        0.000336       -0.095714
gap        0.000382        0.000372        0.000380        0.000347
Proteus iter=      101
k         -0.396356        0.000003       -0.099484
gap        0.000283        0.000283        0.000283        0.000283
 iter         111
          k1          k2          k3         gap
   -0.396440    0.000000   -0.099478    0.000283
  
 >>>Find nodes for ik          59 in knv3         216
Proteus iter=        1
k         -0.333333        0.000000        0.166667
gap        0.034999        0.032834        0.035633        0.032556
Proteus iter=       51
k         -0.359626       -0.000133        0.462682
gap        0.000586        0.000609        0.000594        0.000601
Proteus iter=      101
k         -0.396831        0.000029        0.495461
gap        0.000286        0.000284        0.000286        0.000285
 iter         132
          k1          k2          k3         gap
   -0.396414    0.000002    0.495885    0.000283
  
 >>>Find nodes for ik          61 in knv3         216
Proteus iter=        1
k         -0.333333        0.166667       -0.500000
gap        0.074995        0.075889        0.065382        0.079516
Proteus iter=       51
k         -0.281971        0.018065       -0.571501
gap        0.000454        0.000577        0.000474        0.000308
Proteus iter=      101
k         -0.282654        0.019707       -0.574081
gap        0.000004        0.000002        0.000003        0.000005
Proteus iter=      151
k         -0.282649        0.019697       -0.574080
gap        0.000000        0.000000        0.000000        0.000000
 iter         181
          k1          k2          k3         gap
   -0.282650    0.019697   -0.574080    0.000000
  
 >>>Find nodes for ik          63 in knv3         216
Proteus iter=        1
k         -0.333333        0.166667       -0.166667
gap        0.053717        0.050129        0.039018        0.045481
Proteus iter=       51
k         -0.283559       -0.018719       -0.143091
gap        0.000239        0.000295        0.000228        0.000316
Proteus iter=      101
k         -0.282635       -0.019682       -0.143332
gap        0.000006        0.000002        0.000006        0.000005
Proteus iter=      151
k         -0.282650       -0.019697       -0.143270
gap        0.000000        0.000000        0.000000        0.000000
 iter         193
          k1          k2          k3         gap
   -0.282650   -0.019697   -0.143270    0.000000
  
 >>>Find nodes for ik          65 in knv3         216
Proteus iter=        1
k         -0.333333        0.166667        0.166667
gap        0.030724        0.030708        0.036496        0.025341
Proteus iter=       51
k         -0.243876        0.244671       -0.000374
gap        0.019350        0.019356        0.019348        0.019347
 iter          72
          k1          k2          k3         gap
   -0.243591    0.243258    0.000163    0.019342
  
 >>>Find nodes for ik          67 in knv3         216
Proteus iter=        1
k         -0.320000        0.360000       -0.460000
gap        0.108894        0.113412        0.114449        0.110485
Proteus iter=       51
k         -0.232370        0.251210       -0.012053
gap        0.019443        0.019455        0.019413        0.019415
Proteus iter=      101
k         -0.243129        0.243810       -0.000120
gap        0.019343        0.019343        0.019342        0.019342
 iter         102
          k1          k2          k3         gap
   -0.243376    0.243562   -0.000277    0.019342
  
 >>>Find nodes for ik          69 in knv3         216
Proteus iter=        1
k         -0.333333        0.333333       -0.166667
gap        0.071875        0.067607        0.059565        0.066774
Proteus iter=       51
k         -0.244849        0.229075       -0.002560
gap        0.019956        0.019633        0.019922        0.019456
 iter          97
          k1          k2          k3         gap
   -0.243687    0.243201    0.000156    0.019342
  
 >>>Find nodes for ik          71 in knv3         216
Proteus iter=        1
k         -0.333333        0.333333        0.166667
gap        0.071875        0.069636        0.066086        0.078555
Proteus iter=       51
k         -0.252786        0.233467        0.012535
gap        0.019416        0.019397        0.019397        0.019380
 iter          86
          k1          k2          k3         gap
   -0.243384    0.243413    0.000057    0.019342
  
 >>>Find nodes for ik          73 in knv3         216
Proteus iter=        1
k         -0.153333       -0.473333       -0.460000
gap        0.054285        0.053612        0.054644        0.057830
Proteus iter=       51
k          0.000210       -0.397686       -1.102491
gap        0.000326        0.000299        0.000304        0.000400
Proteus iter=      101
k          0.000003       -0.396344       -1.099489
gap        0.000283        0.000283        0.000283        0.000283
 iter         102
          k1          k2          k3         gap
   -0.000002   -0.396294   -1.099474    0.000283
  
 >>>Find nodes for ik          75 in knv3         216
Proteus iter=        1
k         -0.166667       -0.500000       -0.166667
gap        0.060358        0.055022        0.047691        0.059816
Proteus iter=       51
k         -0.103897       -0.757072        0.068000
gap        0.023875        0.023895        0.021304        0.022077
Proteus iter=      101
k         -0.020332       -0.717328        0.161425
gap        0.000236        0.000262        0.000098        0.000249
Proteus iter=      151
k         -0.019705       -0.717348        0.162960
gap        0.000002        0.000002        0.000000        0.000002
Proteus iter=      201
k         -0.019697       -0.717350        0.162967
gap        0.000000        0.000000        0.000000        0.000000
 iter         227
          k1          k2          k3         gap
   -0.019697   -0.717350    0.162967    0.000000
  
 >>>Find nodes for ik          77 in knv3         216
Proteus iter=        1
k         -0.166667       -0.500000        0.166667
gap        0.058083        0.053661        0.052968        0.053588
Proteus iter=       51
k         -0.242988       -0.245457        0.244411
gap        0.019350        0.019352        0.019358        0.019348
 iter          69
          k1          k2          k3         gap
   -0.243801   -0.243121    0.243583    0.019343
  
 >>>Find nodes for ik          79 in knv3         216
Proteus iter=        1
k         -0.166667       -0.333333       -0.500000
gap        0.053717        0.050228        0.052159        0.042344
Proteus iter=       51
k         -0.013309       -0.286623       -0.554323
gap        0.001348        0.001676        0.001181        0.001740
Proteus iter=      101
k         -0.019668       -0.282731       -0.554356
gap        0.000015        0.000020        0.000020        0.000013
Proteus iter=      151
k         -0.019697       -0.282649       -0.554383
gap        0.000000        0.000000        0.000000        0.000000
 iter         193
          k1          k2          k3         gap
   -0.019697   -0.282650   -0.554383    0.000000
  
 >>>Find nodes for ik          81 in knv3         216
Proteus iter=        1
k         -0.153333       -0.306667       -0.126667
gap        0.061954        0.068110        0.072018        0.067748
Proteus iter=       51
k          0.002352       -0.325837       -0.124746
gap        0.001506        0.001561        0.001579        0.001763
Proteus iter=      101
k          0.000154       -0.365751       -0.103784
gap        0.000523        0.000563        0.000407        0.000599
Proteus iter=      151
k          0.000004       -0.395820       -0.099202
gap        0.000283        0.000283        0.000283        0.000283
 iter         183
          k1          k2          k3         gap
    0.000001   -0.396468   -0.099489    0.000283
  
 >>>Find nodes for ik          83 in knv3         216
Proteus iter=        1
k         -0.166667       -0.333333        0.166667
gap        0.030724        0.023884        0.027402        0.025768
Proteus iter=       51
k         -0.243819       -0.242984        0.243466
gap        0.019343        0.019343        0.019343        0.019343
 iter          57
          k1          k2          k3         gap
   -0.243533   -0.243307    0.243594    0.019342
  
 >>>Find nodes for ik          85 in knv3         216
Proteus iter=        1
k         -0.166667       -0.166667       -0.500000
gap        0.076332        0.073391        0.068671        0.065697
Proteus iter=       51
k         -0.278523        0.016462       -0.555358
gap        0.001941        0.001614        0.001420        0.000950
Proteus iter=      101
k         -0.282789        0.019716       -0.574144
gap        0.000026        0.000034        0.000029        0.000019
Proteus iter=      151
k         -0.282651        0.019698       -0.574082
gap        0.000000        0.000000        0.000000        0.000000
Proteus iter=      201
k         -0.282650        0.019697       -0.574080
gap        0.000000        0.000000        0.000000        0.000000
 iter         205
          k1          k2          k3         gap
   -0.282650    0.019697   -0.574080    0.000000
  
 >>>Find nodes for ik          87 in knv3         216
Proteus iter=        1
k         -0.153333       -0.140000       -0.126667
gap        0.062281        0.069430        0.061683        0.064261
Proteus iter=       51
k         -0.274104        0.025123       -0.168338
gap        0.001991        0.002143        0.001891        0.002072
Proteus iter=      101
k         -0.282646        0.019717       -0.162709
gap        0.000039        0.000054        0.000049        0.000065
Proteus iter=      151
k         -0.282647        0.019700       -0.162972
gap        0.000001        0.000000        0.000001        0.000000
Proteus iter=      201
k         -0.282650        0.019697       -0.162967
gap        0.000000        0.000000        0.000000        0.000000
 iter         218
          k1          k2          k3         gap
   -0.282650    0.019697   -0.162967    0.000000
  
 >>>Find nodes for ik          89 in knv3         216
Proteus iter=        1
k         -0.166667       -0.166667        0.166667
gap        0.034545        0.035940        0.032144        0.035800
Proteus iter=       51
k         -0.245527       -0.237480        0.247765
gap        0.019446        0.019481        0.019382        0.019397
 iter          80
          k1          k2          k3         gap
   -0.243190   -0.243631    0.243733    0.019343
  
 >>>Find nodes for ik          91 in knv3         216
Proteus iter=        1
k         -0.166667        0.000000       -0.500000
gap        0.029593        0.037977        0.038864        0.027154
Proteus iter=       51
k         -0.285367        0.014429       -0.168158
gap        0.001420        0.001458        0.001546        0.001214
Proteus iter=      101
k         -0.282701        0.019817       -0.162833
gap        0.000034        0.000019        0.000023        0.000029
Proteus iter=      151
k         -0.282650        0.019698       -0.162968
gap        0.000000        0.000000        0.000000        0.000000
Proteus iter=      201
k         -0.282650        0.019697       -0.162967
gap        0.000000        0.000000        0.000000        0.000000
 iter         207
          k1          k2          k3         gap
   -0.282650    0.019697   -0.162967    0.000000
  
 >>>Find nodes for ik          93 in knv3         216
Proteus iter=        1
k         -0.166667        0.000000       -0.166667
gap        0.045230        0.040984        0.045291        0.051140
Proteus iter=       51
k         -0.356219        0.000598       -0.100398
gap        0.000725        0.000942        0.000808        0.000876
Proteus iter=      101
k         -0.394939        0.000053       -0.098655
gap        0.000286        0.000285        0.000288        0.000287
 iter         139
          k1          k2          k3         gap
   -0.396434    0.000001   -0.099493    0.000283
  
 >>>Find nodes for ik          95 in knv3         216
Proteus iter=        1
k         -0.166667        0.000000        0.166667
gap        0.058394        0.048428        0.053313        0.054936
Proteus iter=      101
k         -0.373290       -0.000128        0.470458
gap        0.000437        0.000382        0.000560        0.000428
Proteus iter=      151
k         -0.396440       -0.000005        0.495793
gap        0.000283        0.000283        0.000283        0.000283
 iter         165
          k1          k2          k3         gap
   -0.396439   -0.000002    0.495932    0.000283
  
 >>>Find nodes for ik          97 in knv3         216
Proteus iter=        1
k         -0.153333        0.193333       -0.460000
gap        0.088384        0.099678        0.095351        0.098507
Proteus iter=      101
k         -0.002336        0.480896        0.324436
gap        0.001533        0.001455        0.001566        0.001535
Proteus iter=      151
k         -0.007738        0.489680        0.247120
gap        0.000192        0.000191        0.000193        0.000193
Proteus iter=      201
k         -0.008038        0.489890        0.259437
gap        0.000014        0.000010        0.000018        0.000009
Proteus iter=      251
k         -0.008075        0.489912        0.259084
gap        0.000000        0.000000        0.000000        0.000000
 iter         287
          k1          k2          k3         gap
   -0.008076    0.489912    0.259082    0.000000
  
 >>>Find nodes for ik          99 in knv3         216
Proteus iter=        1
k         -0.153333        0.193333       -0.126667
gap        0.033785        0.042954        0.035792        0.038754
Proteus iter=       51
k         -0.244160        0.243018        0.001752
gap        0.019345        0.019347        0.019353        0.019351
 iter          71
          k1          k2          k3         gap
   -0.243182    0.243643   -0.000176    0.019342
  
 >>>Find nodes for ik         101 in knv3         216
Proteus iter=        1
k         -0.166667        0.166667        0.166667
gap        0.045491        0.045193        0.040772        0.034765
Proteus iter=       51
k         -0.008007        0.296372        0.143586
gap        0.002100        0.001724        0.001581        0.000900
Proteus iter=      101
k         -0.019703        0.282653        0.163026
gap        0.000010        0.000011        0.000016        0.000011
Proteus iter=      151
k         -0.019697        0.282650        0.162967
gap        0.000000        0.000000        0.000000        0.000000
 iter         198
          k1          k2          k3         gap
   -0.019697    0.282650    0.162967    0.000000
  
 >>>Find nodes for ik         103 in knv3         216
Proteus iter=        1
k         -0.153333        0.360000       -0.460000
gap        0.065639        0.068110        0.073175        0.067748
Proteus iter=       51
k         -0.014112        0.282167       -0.435760
gap        0.001328        0.001388        0.001847        0.000631
Proteus iter=      101
k         -0.019698        0.282655       -0.425947
gap        0.000005        0.000008        0.000006        0.000013
Proteus iter=      151
k         -0.019697        0.282650       -0.425919
gap        0.000000        0.000000        0.000000        0.000000
Proteus iter=      201
k         -0.019697        0.282650       -0.425920
gap        0.000000        0.000000        0.000000        0.000000
Proteus iter=      201
k         -0.019697        0.282650       -0.425920
gap        0.000000        0.000000        0.000000        0.000000
 iter         201
          k1          k2          k3         gap
   -0.019697    0.282650   -0.425920    0.000000
  
 >>>Find nodes for ik         105 in knv3         216
Proteus iter=        1
k         -0.166667        0.333333       -0.166667
gap        0.030724        0.030934        0.028633        0.025768
Proteus iter=       51
k         -0.244654        0.242761        0.002610
gap        0.019347        0.019347        0.019344        0.019347
 iter          64
          k1          k2          k3         gap
   -0.243518    0.243386   -0.000208    0.019343
  
 >>>Find nodes for ik         107 in knv3         216
Proteus iter=        1
k         -0.166667        0.333333        0.166667
gap        0.053717        0.050228        0.058923        0.048664
Proteus iter=       51
k          0.015596        0.283015        0.157512
gap        0.001493        0.004383        0.001152        0.004177
Proteus iter=      101
k          0.019559        0.282953        0.143141
gap        0.000053        0.000028        0.000055        0.000047
Proteus iter=      151
k          0.019697        0.282651        0.143270
gap        0.000000        0.000000        0.000000        0.000000
Proteus iter=      201
k          0.019697        0.282650        0.143270
gap        0.000000        0.000000        0.000000        0.000000
Proteus iter=      201
k          0.019697        0.282650        0.143270
gap        0.000000        0.000000        0.000000        0.000000
 iter         201
          k1          k2          k3         gap
    0.019697    0.282650    0.143270    0.000000
  
 >>>Find nodes for ik         109 in knv3         216
Proteus iter=        1
k          0.013333       -0.473333       -0.460000
gap        0.008300        0.014581        0.009986        0.011870
Proteus iter=       51
k         -0.000203       -0.415591       -0.476884
gap        0.000433        0.000342        0.000432        0.000469
Proteus iter=      101
k          0.000002       -0.396238       -0.504281
gap        0.000283        0.000283        0.000283        0.000283
 iter         105
          k1          k2          k3         gap
    0.000002   -0.396373   -0.504135    0.000283
  
 >>>Find nodes for ik         111 in knv3         216
Proteus iter=        1
k          0.000000       -0.500000       -0.166667
gap        0.004860        0.007225        0.001716        0.004004
Proteus iter=       51
k          0.007472       -0.485590       -0.206735
gap        0.000685        0.000735        0.000773        0.000549
Proteus iter=      101
k          0.008096       -0.489807       -0.258043
gap        0.000028        0.000011        0.000020        0.000032
Proteus iter=      151
k          0.008076       -0.489912       -0.259086
gap        0.000000        0.000000        0.000000        0.000000
 iter         196
          k1          k2          k3         gap
    0.008076   -0.489912   -0.259082    0.000000
  
 >>>Find nodes for ik         113 in knv3         216
Proteus iter=        1
k          0.000000       -0.500000        0.166667
gap        0.004860        0.006438        0.005732        0.003271
Proteus iter=       51
k          0.008077       -0.510786        0.226967
gap        0.000324        0.000240        0.000321        0.000317
Proteus iter=      101
k          0.008090       -0.510112        0.250854
gap        0.000008        0.000014        0.000010        0.000013
Proteus iter=      151
k          0.008076       -0.510088        0.251011
gap        0.000000        0.000000        0.000000        0.000000
 iter         193
          k1          k2          k3         gap
    0.008076   -0.510088    0.251006    0.000000
  
 >>>Find nodes for ik         115 in knv3         216
Proteus iter=        1
k          0.000000       -0.333333       -0.500000
gap        0.005286        0.011322        0.006005        0.002980
Proteus iter=       51
k         -0.000218       -0.328625       -0.552658
gap        0.001224        0.001225        0.001162        0.001026
Proteus iter=      101
k          0.000034       -0.397332       -0.503409
gap        0.000284        0.000285        0.000285        0.000286
 iter         136
          k1          k2          k3         gap
   -0.000000   -0.396449   -0.504079    0.000283
  
 >>>Find nodes for ik         117 in knv3         216
Proteus iter=        1
k          0.000000       -0.333333       -0.166667
gap        0.005286        0.004312        0.002694        0.001279
Proteus iter=       51
k          0.000085       -0.387677       -0.099007
gap        0.000306        0.000336        0.000327        0.000356
 iter         100
          k1          k2          k3         gap
    0.000001   -0.396415   -0.099488    0.000283
  
 >>>Find nodes for ik         119 in knv3         216
Proteus iter=        1
k          0.000000       -0.333333        0.166667
gap        0.034999        0.035111        0.031085        0.032556
Proteus iter=       51
k         -0.005939       -0.515996        0.323575
gap        0.000893        0.000789        0.000998        0.000878
Proteus iter=      101
k         -0.007654       -0.510235        0.274903
gap        0.000259        0.000264        0.000209        0.000268
Proteus iter=      151
k         -0.008083       -0.510089        0.258892
gap        0.000004        0.000002        0.000004        0.000003
Proteus iter=      201
k         -0.008076       -0.510088        0.259084
gap        0.000000        0.000000        0.000000        0.000000
 iter         230
          k1          k2          k3         gap
   -0.008076   -0.510088    0.259082    0.000000
  
 >>>Find nodes for ik         121 in knv3         216
Proteus iter=        1
k          0.000000       -0.166667       -0.500000
gap        0.029593        0.031758        0.014118        0.027154
Proteus iter=       51
k         -0.001150       -0.238987       -0.455915
gap        0.005267        0.005384        0.005404        0.005334
Proteus iter=      101
k          0.009403       -0.297272       -0.563245
gap        0.001898        0.001887        0.001896        0.001894
Proteus iter=      151
k          0.019861       -0.282555       -0.574668
gap        0.000069        0.000055        0.000028        0.000049
Proteus iter=      201
k          0.019698       -0.282648       -0.574080
gap        0.000000        0.000000        0.000000        0.000000
Proteus iter=      251
k          0.019697       -0.282650       -0.574080
gap        0.000000        0.000000        0.000000        0.000000
 iter         253
          k1          k2          k3         gap
    0.019697   -0.282650   -0.574080    0.000000
  
 >>>Find nodes for ik         123 in knv3         216
Proteus iter=        1
k          0.000000       -0.166667       -0.166667
gap        0.045230        0.045713        0.033381        0.051140
Proteus iter=       51
k          0.020193       -0.283134       -0.161440
gap        0.000189        0.000171        0.000098        0.000285
Proteus iter=      101
k          0.019700       -0.282649       -0.162959
gap        0.000001        0.000001        0.000001        0.000002
Proteus iter=      151
k          0.019697       -0.282650       -0.162967
gap        0.000000        0.000000        0.000000        0.000000
 iter         169
          k1          k2          k3         gap
    0.019697   -0.282650   -0.162967    0.000000
  
 >>>Find nodes for ik         125 in knv3         216
Proteus iter=        1
k          0.000000       -0.166667        0.166667
gap        0.058394        0.056809        0.046166        0.054936
Proteus iter=       51
k         -0.000406       -0.403959        0.504953
gap        0.000364        0.000482        0.000495        0.000434
Proteus iter=      101
k          0.000008       -0.396790        0.496373
gap        0.000283        0.000283        0.000283        0.000283
 iter         117
          k1          k2          k3         gap
    0.000001   -0.396414    0.495917    0.000283
  
 >>>Find nodes for ik         127 in knv3         216
Proteus iter=        1
k          0.013333        0.026667       -0.460000
gap        0.076278        0.076895        0.074094        0.076373
Proteus iter=       51
k          0.000232        0.549276       -1.130398
gap        0.001083        0.001052        0.001007        0.001076
Proteus iter=      101
k          0.000066        0.590971       -1.099642
gap        0.000354        0.000385        0.000386        0.000354
Proteus iter=      151
k          0.000016        0.602508       -1.099728
gap        0.000283        0.000283        0.000283        0.000283
 iter         176
          k1          k2          k3         gap
    0.000001    0.603544   -1.099487    0.000283
  
 >>>Find nodes for ik         129 in knv3         216
Proteus iter=        1
k          0.000000        0.000000       -0.166667
gap        0.085568        0.085440        0.084566        0.082745
Proteus iter=       51
k          0.005727        0.528417       -1.168780
gap        0.001178        0.001144        0.001244        0.001172
Proteus iter=      101
k          0.006438        0.519878       -1.179818
gap        0.001012        0.001001        0.000942        0.000988
Proteus iter=      151
k          0.007978        0.509929       -1.261247
gap        0.000063        0.000050        0.000039        0.000055
Proteus iter=      201
k          0.008075        0.510088       -1.259132
gap        0.000001        0.000000        0.000000        0.000001
Proteus iter=      251
k          0.008076        0.510088       -1.259082
gap        0.000000        0.000000        0.000000        0.000000
 iter         261
          k1          k2          k3         gap
    0.008076    0.510088   -1.259082    0.000000
  
 >>>Find nodes for ik         131 in knv3         216
Proteus iter=        1
k          0.013333        0.026667        0.206667
gap        0.081797        0.084517        0.082938        0.082408
Proteus iter=       51
k         -0.015096        0.289675        0.568225
gap        0.001165        0.000869        0.000770        0.000391
Proteus iter=      101
k         -0.019716        0.282640        0.574107
gap        0.000004        0.000005        0.000004        0.000003
Proteus iter=      151
k         -0.019697        0.282650        0.574081
gap        0.000000        0.000000        0.000000        0.000000
 iter         185
          k1          k2          k3         gap
   -0.019697    0.282650    0.574080    0.000000
  
 >>>Find nodes for ik         133 in knv3         216
Proteus iter=        1
k          0.000000        0.166667       -0.500000
gap        0.029593        0.032579        0.014302        0.018346
Proteus iter=       51
k          0.001696        0.276114       -0.471461
gap        0.003437        0.002541        0.002237        0.003228
Proteus iter=      101
k         -0.000244        0.338191       -0.447196
gap        0.001007        0.001032        0.001032        0.001057
Proteus iter=      151
k         -0.000062        0.397674       -0.497128
gap        0.000285        0.000285        0.000287        0.000284
 iter         196
          k1          k2          k3         gap
    0.000000    0.396425   -0.495923    0.000283
  
 >>>Find nodes for ik         135 in knv3         216
Proteus iter=        1
k          0.000000        0.166667       -0.166667
gap        0.058394        0.057688        0.050069        0.048425
Proteus iter=       51
k          0.019850        0.281038       -0.447798
gap        0.000346        0.000308        0.000458        0.000477
Proteus iter=      101
k          0.019696        0.282656       -0.445609
gap        0.000001        0.000001        0.000002        0.000002
Proteus iter=      151
k          0.019697        0.282650       -0.445617
gap        0.000000        0.000000        0.000000        0.000000
 iter         182
          k1          k2          k3         gap
    0.019697    0.282650   -0.445617    0.000000
  
 >>>Find nodes for ik         137 in knv3         216
Proteus iter=        1
k          0.013333        0.193333        0.206667
gap        0.028145        0.043837        0.027887        0.038886
Proteus iter=       51
k         -0.019269        0.282428        0.163185
gap        0.000137        0.000225        0.000198        0.000223
Proteus iter=      101
k         -0.019694        0.282649        0.162970
gap        0.000001        0.000001        0.000001        0.000002
Proteus iter=      151
k         -0.019697        0.282650        0.162967
gap        0.000000        0.000000        0.000000        0.000000
 iter         170
          k1          k2          k3         gap
   -0.019697    0.282650    0.162967    0.000000
  
 >>>Find nodes for ik         139 in knv3         216
Proteus iter=        1
k          0.000000        0.333333       -0.500000
gap        0.005286        0.008923        0.001870        0.001279
Proteus iter=       51
k         -0.000023        0.397371       -0.496726
gap        0.000284        0.000285        0.000284        0.000283
 iter          77
          k1          k2          k3         gap
    0.000001    0.396470   -0.495984    0.000283
  
 >>>Find nodes for ik         141 in knv3         216
Proteus iter=        1
k          0.000000        0.333333       -0.166667
gap        0.034999        0.032010        0.031228        0.032556
Proteus iter=       51
k          0.000299        0.597489       -0.101955
gap        0.000336        0.000466        0.000444        0.000306
 iter          97
          k1          k2          k3         gap
   -0.000000    0.603703   -0.099459    0.000283
  
 >>>Find nodes for ik         143 in knv3         216
Proteus iter=        1
k          0.000000        0.333333        0.166667
gap        0.005286        0.011322        0.006177        0.006085
Proteus iter=       51
k          0.000083        0.392121        0.096889
gap        0.000307        0.000299        0.000293        0.000307
 iter          97
          k1          k2          k3         gap
    0.000002    0.396342    0.099489    0.000283
  
 >>>Find nodes for ik         145 in knv3         216
Proteus iter=        1
k          0.166667       -0.500000       -0.500000
gap        0.058083        0.062816        0.055777        0.058952
Proteus iter=       51
k          0.234373       -0.752309       -0.240216
gap        0.019437        0.019472        0.019375        0.019359
 iter          82
          k1          k2          k3         gap
    0.243243   -0.756392   -0.243446    0.019342
  
 >>>Find nodes for ik         147 in knv3         216
Proteus iter=        1
k          0.166667       -0.500000       -0.166667
gap        0.058083        0.055081        0.061060        0.057830
Proteus iter=       51
k         -0.006246       -0.516557        0.207095
gap        0.000827        0.000766        0.000758        0.000899
Proteus iter=      101
k         -0.008073       -0.510128        0.259272
gap        0.000008        0.000012        0.000005        0.000014
Proteus iter=      151
k         -0.008076       -0.510088        0.259080
gap        0.000000        0.000000        0.000000        0.000000
 iter         195
          k1          k2          k3         gap
   -0.008076   -0.510088    0.259082    0.000000
  
 >>>Find nodes for ik         149 in knv3         216
Proteus iter=        1
k          0.166667       -0.500000        0.166667
gap        0.060358        0.049135        0.050793        0.059816
Proteus iter=       51
k          0.000232       -0.349364        0.459033
gap        0.000794        0.001005        0.001040        0.001133
Proteus iter=      101
k          0.000009       -0.399378        0.498141
gap        0.000290        0.000288        0.000285        0.000291
 iter         147
          k1          k2          k3         gap
   -0.000001   -0.396445    0.495924    0.000283
  
 >>>Find nodes for ik         151 in knv3         216
Proteus iter=        1
k          0.166667       -0.333333       -0.500000
gap        0.074995        0.073281        0.077419        0.079516
Proteus iter=       51
k          0.001658       -0.239701       -0.452928
gap        0.005325        0.005430        0.005320        0.005311
Proteus iter=      101
k          0.014319       -0.288510       -0.574411
gap        0.001429        0.001167        0.000669        0.001640
Proteus iter=      151
k          0.019688       -0.282682       -0.574095
gap        0.000006        0.000010        0.000011        0.000013
Proteus iter=      201
k          0.019697       -0.282650       -0.574080
gap        0.000000        0.000000        0.000000        0.000000
 iter         236
          k1          k2          k3         gap
    0.019697   -0.282650   -0.574080    0.000000
  
 >>>Find nodes for ik         153 in knv3         216
Proteus iter=        1
k          0.166667       -0.333333       -0.166667
gap        0.053717        0.040397        0.046425        0.045481
Proteus iter=       51
k          0.020564       -0.284388       -0.164347
gap        0.000810        0.001030        0.000945        0.000385
Proteus iter=      101
k          0.019682       -0.282686       -0.162930
gap        0.000006        0.000005        0.000006        0.000008
Proteus iter=      151
k          0.019698       -0.282650       -0.162967
gap        0.000000        0.000000        0.000000        0.000000
 iter         181
          k1          k2          k3         gap
    0.019697   -0.282650   -0.162967    0.000000
  
 >>>Find nodes for ik         155 in knv3         216
Proteus iter=        1
k          0.166667       -0.333333        0.166667
gap        0.030724        0.032594        0.031008        0.024545
Proteus iter=       51
k          0.246289       -0.240012       -0.003796
gap        0.019350        0.019349        0.019345        0.019358
 iter          72
          k1          k2          k3         gap
    0.243670   -0.243438   -0.000011    0.019343
  
 >>>Find nodes for ik         157 in knv3         216
Proteus iter=        1
k          0.180000       -0.140000       -0.460000
gap        0.086214        0.101421        0.088771        0.098507
Proteus iter=       51
k          0.290306       -0.020986       -0.428701
gap        0.001919        0.001388        0.001193        0.002281
Proteus iter=      101
k          0.282660       -0.019693       -0.425796
gap        0.000019        0.000014        0.000008        0.000011
Proteus iter=      151
k          0.282650       -0.019697       -0.425920
gap        0.000000        0.000000        0.000000        0.000000
Proteus iter=      201
k          0.282650       -0.019697       -0.425920
gap        0.000000        0.000000        0.000000        0.000000
 iter         203
          k1          k2          k3         gap
    0.282650   -0.019697   -0.425920    0.000000
  
 >>>Find nodes for ik         159 in knv3         216
Proteus iter=        1
k          0.180000       -0.140000       -0.126667
gap        0.035833        0.040625        0.041096        0.038754
Proteus iter=       51
k          0.239518       -0.248467        0.007102
gap        0.019367        0.019371        0.019364        0.019370
 iter          88
          k1          k2          k3         gap
    0.243305   -0.243621    0.000438    0.019343
  
 >>>Find nodes for ik         161 in knv3         216
Proteus iter=        1
k          0.166667       -0.166667        0.166667
gap        0.045491        0.043175        0.044230        0.036690
Proteus iter=       51
k          0.245933       -0.241110        0.000649
gap        0.019359        0.019362        0.019374        0.019344
 iter          75
          k1          k2          k3         gap
    0.243429   -0.243631    0.000288    0.019343
  
 >>>Find nodes for ik         163 in knv3         216
Proteus iter=        1
k          0.166667        0.000000       -0.500000
gap        0.029593        0.021580        0.033712        0.034271
Proteus iter=       51
k          0.232722       -0.000127       -0.630249
gap        0.005514        0.005515        0.005512        0.005515
Proteus iter=      101
k          0.278214        0.007090       -0.826538
gap        0.002784        0.003842        0.003160        0.003294
Proteus iter=      151
k          0.291071        0.011611       -0.860738
gap        0.001688        0.001621        0.001324        0.000998
Proteus iter=      201
k          0.282616        0.019734       -0.856776
gap        0.000011        0.000018        0.000017        0.000007
Proteus iter=      251
k          0.282650        0.019698       -0.856731
gap        0.000000        0.000000        0.000000        0.000000
Proteus iter=      301
k          0.282650        0.019697       -0.856730
gap        0.000000        0.000000        0.000000        0.000000
Proteus iter=      301
k          0.282650        0.019697       -0.856730
gap        0.000000        0.000000        0.000000        0.000000
 iter         301
          k1          k2          k3         gap
    0.282650    0.019697   -0.856730    0.000000
  
 >>>Find nodes for ik         165 in knv3         216
Proteus iter=        1
k          0.166667        0.000000       -0.166667
gap        0.058394        0.054014        0.055099        0.050550
Proteus iter=       51
k          0.299695        0.011449       -0.441125
gap        0.001901        0.001708        0.001674        0.001355
Proteus iter=      101
k          0.282884        0.019809       -0.444829
gap        0.000108        0.000109        0.000099        0.000135
Proteus iter=      151
k          0.282644        0.019696       -0.445631
gap        0.000002        0.000002        0.000001        0.000001
Proteus iter=      201
k          0.282649        0.019697       -0.445617
gap        0.000000        0.000000        0.000000        0.000000
 iter         223
          k1          k2          k3         gap
    0.282650    0.019697   -0.445617    0.000000
  
 >>>Find nodes for ik         167 in knv3         216
Proteus iter=        1
k          0.180000        0.026667        0.206667
gap        0.034044        0.036528        0.042799        0.038886
Proteus iter=       51
k          0.276614       -0.014730        0.173460
gap        0.001743        0.002222        0.001409        0.001746
Proteus iter=      101
k          0.282545       -0.019735        0.163211
gap        0.000024        0.000048        0.000034        0.000019
Proteus iter=      151
k          0.282648       -0.019698        0.162970
gap        0.000000        0.000000        0.000000        0.000000
Proteus iter=      201
k          0.282650       -0.019697        0.162967
gap        0.000000        0.000000        0.000000        0.000000
 iter         204
          k1          k2          k3         gap
    0.282650   -0.019697    0.162967    0.000000
  
 >>>Find nodes for ik         169 in knv3         216
Proteus iter=        1
k          0.180000        0.193333       -0.460000
gap        0.062164        0.070689        0.064607        0.064261
Proteus iter=       51
k          0.245669        0.242705       -0.239830
gap        0.019375        0.019392        0.019357        0.019365
 iter          81
          k1          k2          k3         gap
    0.243563    0.243520   -0.243723    0.019343
  
 >>>Find nodes for ik         171 in knv3         216
Proteus iter=        1
k          0.166667        0.166667       -0.166667
gap        0.034545        0.033527        0.031597        0.032891
Proteus iter=       51
k          0.239056        0.244076       -0.241583
gap        0.019385        0.019361        0.019380        0.019378
 iter          82
          k1          k2          k3         gap
    0.243358    0.243436   -0.243406    0.019342
  
 >>>Find nodes for ik         173 in knv3         216
Proteus iter=        1
k          0.166667        0.166667        0.166667
gap        0.076332        0.075002        0.073076        0.066497
Proteus iter=       51
k          0.243395        0.241454       -0.241625
gap        0.019355        0.019361        0.019345        0.019354
 iter          73
          k1          k2          k3         gap
    0.243715    0.243212   -0.243415    0.019342
  
 >>>Find nodes for ik         175 in knv3         216
Proteus iter=        1
k          0.166667        0.333333       -0.500000
gap        0.053717        0.047351        0.053905        0.045481
Proteus iter=       51
k          0.017748        0.289567       -0.458076
gap        0.002320        0.003181        0.002113        0.001069
Proteus iter=      101
k          0.019653        0.282671       -0.445705
gap        0.000015        0.000021        0.000016        0.000026
Proteus iter=      151
k          0.019697        0.282650       -0.445618
gap        0.000000        0.000000        0.000000        0.000000
Proteus iter=      201
k          0.019697        0.282650       -0.445617
gap        0.000000        0.000000        0.000000        0.000000
 iter         203
          k1          k2          k3         gap
    0.019697    0.282650   -0.445617    0.000000
  
 >>>Find nodes for ik         177 in knv3         216
Proteus iter=        1
k          0.166667        0.333333       -0.166667
gap        0.030724        0.032594        0.037387        0.030657
Proteus iter=       51
k          0.244971        0.241637       -0.242797
gap        0.019345        0.019343        0.019346        0.019346
 iter          60
          k1          k2          k3         gap
    0.243706    0.243552   -0.243729    0.019343
  
 >>>Find nodes for ik         179 in knv3         216
Proteus iter=        1
k          0.166667        0.333333        0.166667
gap        0.074995        0.073041        0.076556        0.079516
Proteus iter=       51
k         -0.008870        0.485861        0.269350
gap        0.000931        0.000998        0.001030        0.000780
Proteus iter=      101
k         -0.008100        0.489751        0.256310
gap        0.000051        0.000044        0.000047        0.000045
Proteus iter=      151
k         -0.008075        0.489905        0.259436
gap        0.000005        0.000006        0.000005        0.000005
Proteus iter=      201
k         -0.008076        0.489912        0.259077
gap        0.000000        0.000000        0.000000        0.000000
 iter         237
          k1          k2          k3         gap
   -0.008076    0.489912    0.259082    0.000000
  
 >>>Find nodes for ik         181 in knv3         216
Proteus iter=        1
k          0.333333       -0.500000       -0.500000
gap        0.096344        0.101479        0.091507        0.096858
Proteus iter=       51
k          0.246709       -0.757137       -0.248014
gap        0.019378        0.019381        0.019361        0.019359
 iter          78
          k1          k2          k3         gap
    0.243491   -0.756430   -0.243608    0.019342
  
 >>>Find nodes for ik         183 in knv3         216
Proteus iter=        1
k          0.333333       -0.500000       -0.166667
gap        0.095957        0.089240        0.093748        0.095901
Proteus iter=       51
k          0.233685       -0.252947        0.005651
gap        0.019425        0.019416        0.019453        0.019386
 iter          80
          k1          k2          k3         gap
    0.243583   -0.243369   -0.000424    0.019343
  
 >>>Find nodes for ik         185 in knv3         216
Proteus iter=        1
k          0.333333       -0.500000        0.166667
gap        0.096344        0.087584        0.089318        0.095935
Proteus iter=       51
k          0.100308       -0.233075        0.223364
gap        0.023324        0.023549        0.022186        0.022416
Proteus iter=      101
k          0.019632       -0.283673        0.426145
gap        0.000195        0.000244        0.000392        0.000442
Proteus iter=      151
k          0.019709       -0.282665        0.425896
gap        0.000005        0.000002        0.000006        0.000004
Proteus iter=      201
k          0.019697       -0.282649        0.425920
gap        0.000000        0.000000        0.000000        0.000000
 iter         231
          k1          k2          k3         gap
    0.019697   -0.282650    0.425920    0.000000
  
 >>>Find nodes for ik         187 in knv3         216
Proteus iter=        1
k          0.346667       -0.306667       -0.460000
gap        0.106906        0.116311        0.108842        0.110485
Proteus iter=       51
k          0.330475       -0.004543        0.116377
gap        0.001874        0.001592        0.001490        0.001761
Proteus iter=      101
k          0.375287        0.000219        0.102138
gap        0.000429        0.000335        0.000481        0.000523
Proteus iter=      151
k          0.396648       -0.000001        0.099541
gap        0.000283        0.000283        0.000283        0.000283
 iter         158
          k1          k2          k3         gap
    0.396347    0.000001    0.099491    0.000283
  
 >>>Find nodes for ik         189 in knv3         216
Proteus iter=        1
k          0.333333       -0.333333       -0.166667
gap        0.071875        0.059292        0.062775        0.066774
Proteus iter=       51
k          0.254578       -0.230949       -0.010213
gap        0.019445        0.019439        0.019438        0.019438
Proteus iter=      101
k          0.243219       -0.243895       -0.000018
gap        0.019343        0.019343        0.019344        0.019343
 iter         102
          k1          k2          k3         gap
    0.242997   -0.243754    0.000679    0.019343
  
 >>>Find nodes for ik         191 in knv3         216
Proteus iter=        1
k          0.333333       -0.333333        0.166667
gap        0.071875        0.075888        0.067152        0.065888
Proteus iter=       51
k          0.330758        0.001620       -0.443354
gap        0.001327        0.001309        0.001326        0.001329
Proteus iter=      101
k          0.357938       -0.000235       -0.466462
gap        0.000700        0.000589        0.000568        0.000473
Proteus iter=      151
k          0.395586        0.000048       -0.494457
gap        0.000285        0.000285        0.000283        0.000286
 iter         184
          k1          k2          k3         gap
    0.396380   -0.000001   -0.495859    0.000283
  
 >>>Find nodes for ik         193 in knv3         216
Proteus iter=        1
k          0.346667       -0.140000       -0.460000
gap        0.061011        0.074247        0.060386        0.067748
Proteus iter=       51
k          0.284827       -0.017909       -0.427256
gap        0.000449        0.000557        0.000360        0.000502
Proteus iter=      101
k          0.282641       -0.019685       -0.425989
gap        0.000008        0.000014        0.000010        0.000012
Proteus iter=      151
k          0.282649       -0.019697       -0.425920
gap        0.000000        0.000000        0.000000        0.000000
Proteus iter=      201
k          0.282650       -0.019697       -0.425920
gap        0.000000        0.000000        0.000000        0.000000
 iter         205
          k1          k2          k3         gap
    0.282650   -0.019697   -0.425920    0.000000
  
 >>>Find nodes for ik         195 in knv3         216
Proteus iter=        1
k          0.333333       -0.166667       -0.166667
gap        0.030724        0.031528        0.032549        0.025768
Proteus iter=       51
k          0.235697       -0.254549        0.003525
gap        0.019473        0.019426        0.019425        0.019463
 iter          77
          k1          k2          k3         gap
    0.243926   -0.243020    0.000018    0.019343
  
 >>>Find nodes for ik         197 in knv3         216
Proteus iter=        1
k          0.333333       -0.166667        0.166667
gap        0.053717        0.056699        0.045510        0.045367
Proteus iter=       51
k          0.276201       -0.023569        0.166202
gap        0.001487        0.001548        0.001326        0.001012
Proteus iter=      101
k          0.282623       -0.019720        0.162949
gap        0.000009        0.000007        0.000007        0.000009
Proteus iter=      151
k          0.282649       -0.019697        0.162967
gap        0.000000        0.000000        0.000000        0.000000
 iter         184
          k1          k2          k3         gap
    0.282650   -0.019697    0.162967    0.000000
  
 >>>Find nodes for ik         199 in knv3         216
Proteus iter=        1
k          0.333333        0.000000       -0.500000
gap        0.005286        0.003694        0.016844        0.001279
Proteus iter=       51
k          0.398701       -0.000040       -0.497626
gap        0.000288        0.000289        0.000285        0.000286
 iter          92
          k1          k2          k3         gap
    0.396417    0.000000   -0.495889    0.000283
  
 >>>Find nodes for ik         201 in knv3         216
Proteus iter=        1
k          0.333333        0.000000       -0.166667
gap        0.034999        0.033212        0.034659        0.032556
Proteus iter=       51
k          0.357684       -0.000056        0.100846
gap        0.000629        0.000571        0.000599        0.000622
Proteus iter=      101
k          0.396830       -0.000000        0.099597
gap        0.000283        0.000283        0.000283        0.000283
 iter         122
          k1          k2          k3         gap
    0.396449   -0.000000    0.099528    0.000283
  
 >>>Find nodes for ik         203 in knv3         216
Proteus iter=        1
k          0.333333        0.000000        0.166667
gap        0.005286        0.006077        0.020426        0.012824
Proteus iter=       51
k          0.355130        0.000591        0.103972
gap        0.000704        0.000701        0.000634        0.000690
Proteus iter=      101
k          0.397216       -0.000012        0.099545
gap        0.000283        0.000283        0.000283        0.000283
 iter         125
          k1          k2          k3         gap
    0.396468    0.000000    0.099510    0.000283
  
 >>>Find nodes for ik         205 in knv3         216
Proteus iter=        1
k          0.333333        0.166667       -0.500000
gap        0.053717        0.054068        0.043752        0.045481
Proteus iter=       51
k          0.343540        0.000922       -0.451602
gap        0.000946        0.000914        0.001006        0.001067
Proteus iter=      101
k          0.377570       -0.000191       -0.476832
gap        0.000382        0.000426        0.000360        0.000456
Proteus iter=      151
k          0.396584       -0.000007       -0.496140
gap        0.000283        0.000283        0.000283        0.000283
 iter         171
          k1          k2          k3         gap
    0.396430   -0.000000   -0.495918    0.000283
  
 >>>Find nodes for ik         207 in knv3         216
Proteus iter=        1
k          0.333333        0.166667       -0.166667
gap        0.030724        0.033787        0.036496        0.029658
Proteus iter=       51
k          0.244885        0.242240       -0.244099
gap        0.019344        0.019356        0.019355        0.019357
 iter          72
          k1          k2          k3         gap
    0.243317    0.243502   -0.243271    0.019342
  
 >>>Find nodes for ik         209 in knv3         216
Proteus iter=        1
k          0.333333        0.166667        0.166667
gap        0.074995        0.076117        0.065878        0.079516
Proteus iter=       51
k          0.394908        0.000339        0.100494
gap        0.000339        0.000451        0.000322        0.000382
Proteus iter=      101
k          0.395749        0.000002        0.099370
gap        0.000283        0.000283        0.000283        0.000283
 iter         137
          k1          k2          k3         gap
    0.396393   -0.000001    0.099495    0.000283
  
 >>>Find nodes for ik         211 in knv3         216
Proteus iter=        1
k          0.333333        0.333333       -0.500000
gap        0.071875        0.074035        0.064437        0.066774
Proteus iter=       51
k          0.238998        0.247985       -0.242137
gap        0.019358        0.019353        0.019379        0.019376
 iter          77
          k1          k2          k3         gap
    0.243437    0.243592   -0.243627    0.019342
  
 >>>Find nodes for ik         213 in knv3         216
Proteus iter=        1
k          0.333333        0.333333       -0.166667
gap        0.071875        0.075888        0.069694        0.078555
Proteus iter=       51
k          0.343402        0.000806        0.106339
gap        0.000940        0.000961        0.000956        0.000995
Proteus iter=      101
k          0.385815       -0.000014        0.102335
gap        0.000350        0.000287        0.000322        0.000363
Proteus iter=      151
k          0.396463        0.000001        0.099518
gap        0.000283        0.000283        0.000283        0.000283
 iter         152
          k1          k2          k3         gap
    0.396359    0.000001    0.099472    0.000283
  
 >>>Find nodes for ik         215 in knv3         216
Proteus iter=        1
k          0.346667        0.360000        0.206667
gap        0.113495        0.116311        0.114449        0.110485
Proteus iter=       51
k          0.000889        0.640644        0.940436
gap        0.005309        0.005421        0.004121        0.005916
Proteus iter=      101
k         -0.000213        0.632856        0.898013
gap        0.000496        0.000575        0.000652        0.000513
Proteus iter=      151
k          0.000001        0.603188        0.900525
gap        0.000283        0.000283        0.000283        0.000283
 iter         166
          k1          k2          k3         gap
    0.000000    0.603582    0.900528    0.000283
  
 Time cost for FindNodes is about           16.775 s
 << End of nodes searching
  
 Time cost for whole program is about           18.323 s
  
  
  =======================================================================
  Congratulations! you finished the calculation.
  I hope you could find something useful from this calculation.
  If so, I would like to ask you to cite our this paper:
  
  WannierTools : An open-source software package for novel topological materials
  QuanSheng Wu and ShengNan Zhang and Hai-Feng Song and Matthias Troyer and Alexey A. Soluyanov
  Computer Physics Communications 224, 405 (2018)
  https://doi.org/10.1016/j.cpc.2017.09.033
  
  For bugs, please report to wuquansheng@gmail.com                   
  or wanniertools@groups.google.com.                 
  More information could find on www.wanniertools.com            
  See you next time :)
  =======================================================================
